#
# There is insufficient memory for the Java Runtime Environment to continue.
# Native memory allocation (mmap) failed to map 109051904 bytes for Failed to commit area from 0x000000008fe00000 to 0x0000000096600000 of length 109051904.
# Possible reasons:
#   The system is out of physical RAM or swap space
#   The process is running with CompressedOops enabled, and the Java Heap may be blocking the growth of the native heap
# Possible solutions:
#   Reduce memory load on the system
#   Increase physical memory or swap space
#   Check if swap backing store is full
#   Decrease Java heap size (-Xmx/-Xms)
#   Decrease number of Java threads
#   Decrease Java thread stack sizes (-Xss)
#   Set larger code cache with -XX:ReservedCodeCacheSize=
#   JVM is running with Unscaled Compressed Oops mode in which the Java heap is
#     placed in the first 4GB address space. The Java Heap base address is the
#     maximum limit for the native heap growth. Please use -XX:HeapBaseMinAddress
#     to set the Java Heap base and to place the Java Heap above 4GB virtual address.
# This output file may be truncated or incomplete.
#
#  Out of Memory Error (./src/hotspot/os/windows/os_windows.cpp:3303), pid=7908, tid=16136
#
# JRE version: OpenJDK Runtime Environment (11.0.8+10) (build 11.0.8+10-b944.6842174)
# Java VM: OpenJDK 64-Bit Server VM (11.0.8+10-b944.6842174, mixed mode, tiered, compressed oops, g1 gc, windows-amd64)
# No core dump will be written. Minidumps are not enabled by default on client versions of Windows
#

---------------  S U M M A R Y ------------

Command Line: --add-opens=java.base/java.util=ALL-UNNAMED --add-opens=java.base/java.lang=ALL-UNNAMED --add-opens=java.base/java.lang.invoke=ALL-UNNAMED --add-opens=java.prefs/java.util.prefs=ALL-UNNAMED -Xmx2048m -Dfile.encoding=UTF-8 -Duser.country=US -Duser.language=en -Duser.variant org.gradle.launcher.daemon.bootstrap.GradleDaemon 6.7.1

Host: Intel(R) Core(TM) i5-8265U CPU @ 1.60GHz, 8 cores, 15G,  Windows 10 , 64 bit Build 18362 (10.0.18362.1350)
Time: Sat Jul 17 16:33:56 2021 SE Asia Standard Time elapsed time: 19361 seconds (0d 5h 22m 41s)

---------------  T H R E A D  ---------------

Current thread (0x0000022270a28800):  VMThread "VM Thread" [stack: 0x000000b410d00000,0x000000b410e00000] [id=16136]

Stack: [0x000000b410d00000,0x000000b410e00000]
[error occurred during error reporting (printing stack bounds), id 0xc0000005, EXCEPTION_ACCESS_VIOLATION (0xc0000005) at pc=0x0000022259820dad]

Native frames: (J=compiled Java code, j=interpreted, Vv=VM code, C=native code)
V  [jvm.dll+0x5de50a]
V  [jvm.dll+0x7122f5]
V  [jvm.dll+0x71384d]
V  [jvm.dll+0x713e65]
V  [jvm.dll+0x713e1b]
V  [jvm.dll+0x5dd958]
V  [jvm.dll+0x5de0f8]
C  [ntdll.dll+0xa1eef]
C  [ntdll.dll+0x6aad9]
C  [ntdll.dll+0xa0b5e]
C  0x0000022259820dad

VM_Operation (0x000000b4136fc5e0): G1CollectForAllocation, mode: safepoint, requested by thread 0x0000022200bfc800


---------------  P R O C E S S  ---------------

Threads class SMR info:
_java_thread_list=0x0000022274721dd0, length=161, elements={
0x0000022255eac800, 0x0000022270a2c000, 0x0000022270a37800, 0x0000022270a88000,
0x0000022270a89000, 0x0000022270a8a000, 0x0000022270a90800, 0x0000022270a96000,
0x0000022270bf5800, 0x0000022270c00800, 0x0000022271fbe000, 0x00000222734bf800,
0x000002227355f000, 0x0000022272c99800, 0x0000022272c96800, 0x0000022272c9a800,
0x0000022273bba800, 0x0000022273bbc800, 0x0000022274074000, 0x0000022276997000,
0x000002227497e800, 0x0000022273bbd000, 0x0000022273bbb800, 0x0000022273bb7800,
0x0000022273bbe000, 0x0000022273bb8000, 0x0000022273bc2000, 0x0000022273bc0800,
0x0000022273bc3800, 0x0000022273bc3000, 0x0000022273bc1000, 0x0000022273bc4800,
0x0000022273bbf000, 0x0000022273bc5800, 0x0000022273bbf800, 0x0000022273bc6000,
0x0000022200bfc000, 0x0000022200bfd800, 0x0000022200bfb000, 0x0000022200bfc800,
0x0000022200bf8000, 0x0000022200bfa000, 0x0000022200bf9800, 0x0000022200bfe800,
0x0000022200bf8800, 0x0000022200c02800, 0x0000022200c01800, 0x0000022200c03000,
0x0000022200c00800, 0x0000022200c00000, 0x0000022200c04000, 0x0000022200c05000,
0x0000022200bff000, 0x0000022200c05800, 0x000002227698f000, 0x000002227698c800,
0x0000022276990000, 0x000002227698b800, 0x000002227698d800, 0x000002227698e000,
0x000002227698a000, 0x0000022276990800, 0x000002227698b000, 0x0000022276992000,
0x0000022276993000, 0x0000022276994000, 0x0000022276994800, 0x0000022276995800,
0x0000022276996800, 0x0000022276991800, 0x0000022276998000, 0x0000022276998800,
0x000002227310d800, 0x0000022273111000, 0x000002227310f000, 0x000002227310c800,
0x000002227310e800, 0x0000022273110000, 0x000002227310b000, 0x0000022273115800,
0x0000022273115000, 0x0000022273116800, 0x0000022273113800, 0x0000022273111800,
0x0000022273114000, 0x0000022273117800, 0x0000022273118000, 0x0000022273112800,
0x0000022273119000, 0x000002227311a000, 0x00000222774c4000, 0x00000222774c6000,
0x00000222774c5000, 0x00000222774cc800, 0x00000222774c8800, 0x00000222774cb000,
0x00000222774c9000, 0x00000222774cb800, 0x00000222774c6800, 0x00000222774cd000,
0x00000222774c7800, 0x00000222774ce000, 0x00000222774cf000, 0x00000222774d1800,
0x00000222774cf800, 0x00000222774d0800, 0x00000222774d2000, 0x00000222774d3000,
0x0000022274067000, 0x0000022274066000, 0x000002227406b000, 0x000002227406c000,
0x000002227406c800, 0x000002227406d800, 0x0000022274069800, 0x0000022274067800,
0x000002227406e000, 0x0000022274068800, 0x0000022274070000, 0x000002227406a000,
0x000002227406f000, 0x0000022274072800, 0x0000022274073000, 0x0000022274075000,
0x0000022274071800, 0x0000022274070800, 0x000002227a308800, 0x000002227a30d800,
0x000002227a309800, 0x000002227a30e000, 0x000002227a310000, 0x000002227a30a000,
0x000002227a30f000, 0x000002227a30c800, 0x000002227a310800, 0x000002227a30b000,
0x000002227a314000, 0x000002227a315800, 0x000002227a313000, 0x000002227a314800,
0x000002227a311800, 0x000002227a312800, 0x000002227a316800, 0x000002227a317000,
0x000002227497d800, 0x0000022274981800, 0x0000022274983000, 0x0000022274984000,
0x0000022274982800, 0x0000022274985000, 0x000002227497f000, 0x0000022274985800,
0x0000022274980000, 0x0000022274987800, 0x0000022274988000, 0x0000022274989000,
0x0000022274989800, 0x000002227498c000, 0x000002227498a800, 0x000002227498b800,
0x0000022274986800
}

Java Threads: ( => current thread )
  0x0000022255eac800 JavaThread "main" [_thread_blocked, id=19216, stack(0x000000b410700000,0x000000b410800000)]
  0x0000022270a2c000 JavaThread "Reference Handler" daemon [_thread_blocked, id=20648, stack(0x000000b410e00000,0x000000b410f00000)]
  0x0000022270a37800 JavaThread "Finalizer" daemon [_thread_blocked, id=7792, stack(0x000000b410f00000,0x000000b411000000)]
  0x0000022270a88000 JavaThread "Signal Dispatcher" daemon [_thread_blocked, id=6944, stack(0x000000b411000000,0x000000b411100000)]
  0x0000022270a89000 JavaThread "Attach Listener" daemon [_thread_blocked, id=16904, stack(0x000000b411100000,0x000000b411200000)]
  0x0000022270a8a000 JavaThread "C2 CompilerThread0" daemon [_thread_in_native, id=20236, stack(0x000000b411200000,0x000000b411300000)]
  0x0000022270a90800 JavaThread "C1 CompilerThread0" daemon [_thread_blocked, id=12808, stack(0x000000b411300000,0x000000b411400000)]
  0x0000022270a96000 JavaThread "Sweeper thread" daemon [_thread_blocked, id=12056, stack(0x000000b411400000,0x000000b411500000)]
  0x0000022270bf5800 JavaThread "Common-Cleaner" daemon [_thread_blocked, id=7784, stack(0x000000b411500000,0x000000b411600000)]
  0x0000022270c00800 JavaThread "Service Thread" daemon [_thread_blocked, id=2952, stack(0x000000b411600000,0x000000b411700000)]
  0x0000022271fbe000 JavaThread "Daemon health stats" [_thread_blocked, id=20128, stack(0x000000b411f00000,0x000000b412000000)]
  0x00000222734bf800 JavaThread "Incoming local TCP Connector on port 17134" [_thread_in_native, id=20968, stack(0x000000b412000000,0x000000b412100000)]
  0x000002227355f000 JavaThread "Daemon periodic checks" [_thread_blocked, id=8064, stack(0x000000b412100000,0x000000b412200000)]
  0x0000022272c99800 JavaThread "Cache worker for file hash cache (C:\Users\admi\.gradle\caches\6.7.1\fileHashes)" [_thread_blocked, id=8028, stack(0x000000b412a00000,0x000000b412b00000)]
  0x0000022272c96800 JavaThread "File lock request listener" [_thread_in_native, id=9724, stack(0x000000b412b00000,0x000000b412c00000)]
  0x0000022272c9a800 JavaThread "Cache worker for journal cache (C:\Users\admi\.gradle\caches\journal-1)" [_thread_blocked, id=7508, stack(0x000000b412e00000,0x000000b412f00000)]
  0x0000022273bba800 JavaThread "Cache worker for execution history cache (C:\Users\admi\.gradle\caches\6.7.1\executionHistory)" [_thread_blocked, id=20004, stack(0x000000b413500000,0x000000b413600000)]
  0x0000022273bbc800 JavaThread "Cache worker for file content cache (C:\Users\admi\.gradle\caches\6.7.1\fileContent)" [_thread_blocked, id=10200, stack(0x000000b413700000,0x000000b413800000)]
  0x0000022274074000 JavaThread "Memory manager" [_thread_blocked, id=15784, stack(0x000000b41a100000,0x000000b41a200000)]
  0x0000022276997000 JavaThread "Cache worker for Java compile cache (C:\Users\admi\.gradle\caches\6.7.1\javaCompile)" [_thread_blocked, id=13832, stack(0x000000b41b300000,0x000000b41b400000)]
  0x000002227497e800 JavaThread "ForkJoinPool.commonPool-worker-15" daemon [_thread_blocked, id=2568, stack(0x000000b41bc00000,0x000000b41bd00000)]
  0x0000022273bbd000 JavaThread "Daemon Thread 51" [_thread_blocked, id=1588, stack(0x000000b410400000,0x000000b410500000)]
  0x0000022273bbb800 JavaThread "Handler for socket connection from /127.0.0.1:17134 to /127.0.0.1:25026" [_thread_in_native, id=17676, stack(0x000000b410500000,0x000000b410600000)]
  0x0000022273bb7800 JavaThread "Cancel handler" [_thread_blocked, id=18632, stack(0x000000b410600000,0x000000b410700000)]
  0x0000022273bbe000 JavaThread "Daemon worker Thread 51" [_thread_blocked, id=15968, stack(0x000000b411800000,0x000000b411900000)]
  0x0000022273bb8000 JavaThread "Asynchronous log dispatcher for DefaultDaemonConnection: socket connection from /127.0.0.1:17134 to /127.0.0.1:25026" [_thread_blocked, id=832, stack(0x000000b411900000,0x000000b411a00000)]
  0x0000022273bc2000 JavaThread "Stdin handler" [_thread_blocked, id=5564, stack(0x000000b412200000,0x000000b412300000)]
  0x0000022273bc0800 JavaThread "Thread-7452" [_thread_blocked, id=18972, stack(0x000000b412300000,0x000000b412400000)]
  0x0000022273bc3800 JavaThread "Cache worker for file hash cache (D:\HK_6\Android\GitHub\Ministop\.gradle\6.7.1\fileHashes)" [_thread_blocked, id=16004, stack(0x000000b412400000,0x000000b412500000)]
  0x0000022273bc3000 JavaThread "Cache worker for checksums cache (D:\HK_6\Android\GitHub\Ministop\.gradle\checksums)" [_thread_blocked, id=7728, stack(0x000000b412500000,0x000000b412600000)]
  0x0000022273bc1000 JavaThread "Cache worker for cache directory md-supplier (C:\Users\admi\.gradle\caches\6.7.1\md-supplier)" [_thread_blocked, id=17232, stack(0x000000b412700000,0x000000b412800000)]
  0x0000022273bc4800 JavaThread "Cache worker for cache directory md-rule (C:\Users\admi\.gradle\caches\6.7.1\md-rule)" [_thread_blocked, id=15568, stack(0x000000b412800000,0x000000b412900000)]
  0x0000022273bbf000 JavaThread "Cache worker for Build Output Cleanup Cache (D:\HK_6\Android\GitHub\Ministop\.gradle\buildOutputCleanup)" [_thread_blocked, id=18752, stack(0x000000b412900000,0x000000b412a00000)]
  0x0000022273bc5800 JavaThread "Build operations" [_thread_blocked, id=20376, stack(0x000000b412f00000,0x000000b413000000)]
  0x0000022273bbf800 JavaThread "Build operations Thread 2" [_thread_blocked, id=20344, stack(0x000000b413000000,0x000000b413100000)]
  0x0000022273bc6000 JavaThread "Build operations Thread 3" [_thread_blocked, id=20408, stack(0x000000b413100000,0x000000b413200000)]
  0x0000022200bfc000 JavaThread "Build operations Thread 4" [_thread_blocked, id=19576, stack(0x000000b413200000,0x000000b413300000)]
  0x0000022200bfd800 JavaThread "Build operations Thread 5" [_thread_blocked, id=5192, stack(0x000000b413300000,0x000000b413400000)]
  0x0000022200bfb000 JavaThread "Build operations Thread 6" [_thread_blocked, id=10756, stack(0x000000b413400000,0x000000b413500000)]
  0x0000022200bfc800 JavaThread "Build operations Thread 7" [_thread_blocked, id=6256, stack(0x000000b413600000,0x000000b413700000)]
  0x0000022200bf8000 JavaThread "Build operations Thread 8" [_thread_blocked, id=5252, stack(0x000000b413800000,0x000000b413900000)]
  0x0000022200bfa000 JavaThread "jar transforms Thread 4948" [_thread_blocked, id=19156, stack(0x000000b413900000,0x000000b413a00000)]
  0x0000022200bf9800 JavaThread "jar transforms Thread 4949" [_thread_blocked, id=16620, stack(0x000000b413a00000,0x000000b413b00000)]
  0x0000022200bfe800 JavaThread "jar transforms Thread 4950" [_thread_blocked, id=4112, stack(0x000000b413b00000,0x000000b413c00000)]
  0x0000022200bf8800 JavaThread "jar transforms Thread 4951" [_thread_blocked, id=14460, stack(0x000000b413c00000,0x000000b413d00000)]
  0x0000022200c02800 JavaThread "jar transforms Thread 4952" [_thread_blocked, id=19788, stack(0x000000b413d00000,0x000000b413e00000)]
  0x0000022200c01800 JavaThread "jar transforms Thread 4953" [_thread_blocked, id=5436, stack(0x000000b413e00000,0x000000b413f00000)]
  0x0000022200c03000 JavaThread "jar transforms Thread 4954" [_thread_blocked, id=15224, stack(0x000000b413f00000,0x000000b414000000)]
  0x0000022200c00800 JavaThread "jar transforms Thread 4955" [_thread_blocked, id=10052, stack(0x000000b414000000,0x000000b414100000)]
  0x0000022200c00000 JavaThread "jar transforms Thread 4956" [_thread_blocked, id=18844, stack(0x000000b414100000,0x000000b414200000)]
  0x0000022200c04000 JavaThread "jar transforms Thread 4957" [_thread_blocked, id=4420, stack(0x000000b414200000,0x000000b414300000)]
  0x0000022200c05000 JavaThread "jar transforms Thread 4958" [_thread_blocked, id=9992, stack(0x000000b414300000,0x000000b414400000)]
  0x0000022200bff000 JavaThread "jar transforms Thread 4959" [_thread_blocked, id=4508, stack(0x000000b414400000,0x000000b414500000)]
  0x0000022200c05800 JavaThread "jar transforms Thread 4960" [_thread_blocked, id=4092, stack(0x000000b414500000,0x000000b414600000)]
  0x000002227698f000 JavaThread "jar transforms Thread 4961" [_thread_blocked, id=1520, stack(0x000000b414600000,0x000000b414700000)]
  0x000002227698c800 JavaThread "jar transforms Thread 4962" [_thread_blocked, id=13304, stack(0x000000b414700000,0x000000b414800000)]
  0x0000022276990000 JavaThread "jar transforms Thread 4963" [_thread_blocked, id=18320, stack(0x000000b414800000,0x000000b414900000)]
  0x000002227698b800 JavaThread "jar transforms Thread 4964" [_thread_blocked, id=12136, stack(0x000000b414900000,0x000000b414a00000)]
  0x000002227698d800 JavaThread "jar transforms Thread 4965" [_thread_blocked, id=5244, stack(0x000000b414a00000,0x000000b414b00000)]
  0x000002227698e000 JavaThread "jar transforms Thread 4966" [_thread_blocked, id=9112, stack(0x000000b414b00000,0x000000b414c00000)]
  0x000002227698a000 JavaThread "jar transforms Thread 4967" [_thread_blocked, id=6044, stack(0x000000b414c00000,0x000000b414d00000)]
  0x0000022276990800 JavaThread "jar transforms Thread 4968" [_thread_blocked, id=20308, stack(0x000000b414d00000,0x000000b414e00000)]
  0x000002227698b000 JavaThread "jar transforms Thread 4969" [_thread_blocked, id=15972, stack(0x000000b414e00000,0x000000b414f00000)]
  0x0000022276992000 JavaThread "jar transforms Thread 4970" [_thread_blocked, id=14496, stack(0x000000b414f00000,0x000000b415000000)]
  0x0000022276993000 JavaThread "jar transforms Thread 4971" [_thread_blocked, id=16928, stack(0x000000b415000000,0x000000b415100000)]
  0x0000022276994000 JavaThread "jar transforms Thread 4972" [_thread_blocked, id=14936, stack(0x000000b415100000,0x000000b415200000)]
  0x0000022276994800 JavaThread "jar transforms Thread 4973" [_thread_blocked, id=14060, stack(0x000000b415200000,0x000000b415300000)]
  0x0000022276995800 JavaThread "jar transforms Thread 4974" [_thread_blocked, id=11928, stack(0x000000b415300000,0x000000b415400000)]
  0x0000022276996800 JavaThread "jar transforms Thread 4975" [_thread_blocked, id=19796, stack(0x000000b415400000,0x000000b415500000)]
  0x0000022276991800 JavaThread "jar transforms Thread 4976" [_thread_blocked, id=13812, stack(0x000000b415500000,0x000000b415600000)]
  0x0000022276998000 JavaThread "jar transforms Thread 4977" [_thread_blocked, id=19468, stack(0x000000b415600000,0x000000b415700000)]
  0x0000022276998800 JavaThread "jar transforms Thread 4978" [_thread_blocked, id=17388, stack(0x000000b415700000,0x000000b415800000)]
  0x000002227310d800 JavaThread "jar transforms Thread 4979" [_thread_blocked, id=12516, stack(0x000000b415800000,0x000000b415900000)]
  0x0000022273111000 JavaThread "jar transforms Thread 4980" [_thread_blocked, id=9548, stack(0x000000b415900000,0x000000b415a00000)]
  0x000002227310f000 JavaThread "jar transforms Thread 4981" [_thread_blocked, id=18568, stack(0x000000b415a00000,0x000000b415b00000)]
  0x000002227310c800 JavaThread "jar transforms Thread 4982" [_thread_blocked, id=21288, stack(0x000000b415b00000,0x000000b415c00000)]
  0x000002227310e800 JavaThread "jar transforms Thread 4983" [_thread_blocked, id=16496, stack(0x000000b415c00000,0x000000b415d00000)]
  0x0000022273110000 JavaThread "jar transforms Thread 4984" [_thread_blocked, id=18880, stack(0x000000b415d00000,0x000000b415e00000)]
  0x000002227310b000 JavaThread "jar transforms Thread 4985" [_thread_blocked, id=7340, stack(0x000000b415e00000,0x000000b415f00000)]
  0x0000022273115800 JavaThread "jar transforms Thread 4986" [_thread_blocked, id=1076, stack(0x000000b415f00000,0x000000b416000000)]
  0x0000022273115000 JavaThread "jar transforms Thread 4987" [_thread_blocked, id=12264, stack(0x000000b416000000,0x000000b416100000)]
  0x0000022273116800 JavaThread "jar transforms Thread 4988" [_thread_blocked, id=15112, stack(0x000000b416100000,0x000000b416200000)]
  0x0000022273113800 JavaThread "jar transforms Thread 4989" [_thread_blocked, id=17764, stack(0x000000b416200000,0x000000b416300000)]
  0x0000022273111800 JavaThread "jar transforms Thread 4990" [_thread_blocked, id=16688, stack(0x000000b416300000,0x000000b416400000)]
  0x0000022273114000 JavaThread "jar transforms Thread 4991" [_thread_blocked, id=12280, stack(0x000000b416400000,0x000000b416500000)]
  0x0000022273117800 JavaThread "jar transforms Thread 4992" [_thread_blocked, id=2840, stack(0x000000b416500000,0x000000b416600000)]
  0x0000022273118000 JavaThread "jar transforms Thread 4993" [_thread_blocked, id=17328, stack(0x000000b416600000,0x000000b416700000)]
  0x0000022273112800 JavaThread "jar transforms Thread 4994" [_thread_blocked, id=17592, stack(0x000000b416700000,0x000000b416800000)]
  0x0000022273119000 JavaThread "jar transforms Thread 4995" [_thread_blocked, id=1788, stack(0x000000b416800000,0x000000b416900000)]
  0x000002227311a000 JavaThread "jar transforms Thread 4996" [_thread_blocked, id=7432, stack(0x000000b416900000,0x000000b416a00000)]
  0x00000222774c4000 JavaThread "jar transforms Thread 4997" [_thread_blocked, id=10188, stack(0x000000b416a00000,0x000000b416b00000)]
  0x00000222774c6000 JavaThread "jar transforms Thread 4998" [_thread_blocked, id=8852, stack(0x000000b416b00000,0x000000b416c00000)]
  0x00000222774c5000 JavaThread "jar transforms Thread 4999" [_thread_blocked, id=8620, stack(0x000000b416c00000,0x000000b416d00000)]
  0x00000222774cc800 JavaThread "jar transforms Thread 5000" [_thread_blocked, id=10068, stack(0x000000b416d00000,0x000000b416e00000)]
  0x00000222774c8800 JavaThread "jar transforms Thread 5001" [_thread_blocked, id=20392, stack(0x000000b416e00000,0x000000b416f00000)]
  0x00000222774cb000 JavaThread "jar transforms Thread 5002" [_thread_blocked, id=6012, stack(0x000000b416f00000,0x000000b417000000)]
  0x00000222774c9000 JavaThread "jar transforms Thread 5003" [_thread_blocked, id=18312, stack(0x000000b417000000,0x000000b417100000)]
  0x00000222774cb800 JavaThread "jar transforms Thread 5004" [_thread_blocked, id=20784, stack(0x000000b417100000,0x000000b417200000)]
  0x00000222774c6800 JavaThread "jar transforms Thread 5005" [_thread_blocked, id=16052, stack(0x000000b417200000,0x000000b417300000)]
  0x00000222774cd000 JavaThread "jar transforms Thread 5006" [_thread_blocked, id=848, stack(0x000000b417300000,0x000000b417400000)]
  0x00000222774c7800 JavaThread "jar transforms Thread 5007" [_thread_blocked, id=19756, stack(0x000000b417400000,0x000000b417500000)]
  0x00000222774ce000 JavaThread "jar transforms Thread 5008" [_thread_blocked, id=17968, stack(0x000000b417500000,0x000000b417600000)]
  0x00000222774cf000 JavaThread "jar transforms Thread 5009" [_thread_blocked, id=14068, stack(0x000000b417600000,0x000000b417700000)]
  0x00000222774d1800 JavaThread "jar transforms Thread 5010" [_thread_blocked, id=3572, stack(0x000000b417700000,0x000000b417800000)]
  0x00000222774cf800 JavaThread "jar transforms Thread 5011" [_thread_blocked, id=4924, stack(0x000000b417800000,0x000000b417900000)]
  0x00000222774d0800 JavaThread "jar transforms Thread 5012" [_thread_blocked, id=20960, stack(0x000000b417900000,0x000000b417a00000)]
  0x00000222774d2000 JavaThread "jar transforms Thread 5013" [_thread_blocked, id=19340, stack(0x000000b417a00000,0x000000b417b00000)]
  0x00000222774d3000 JavaThread "jar transforms Thread 5014" [_thread_blocked, id=4880, stack(0x000000b417b00000,0x000000b417c00000)]
  0x0000022274067000 JavaThread "jar transforms Thread 5015" [_thread_blocked, id=15364, stack(0x000000b417c00000,0x000000b417d00000)]
  0x0000022274066000 JavaThread "jar transforms Thread 5016" [_thread_blocked, id=9224, stack(0x000000b417d00000,0x000000b417e00000)]
  0x000002227406b000 JavaThread "jar transforms Thread 5017" [_thread_blocked, id=20196, stack(0x000000b417e00000,0x000000b417f00000)]
  0x000002227406c000 JavaThread "jar transforms Thread 5018" [_thread_blocked, id=17580, stack(0x000000b417f00000,0x000000b418000000)]
  0x000002227406c800 JavaThread "jar transforms Thread 5019" [_thread_blocked, id=16736, stack(0x000000b418000000,0x000000b418100000)]
  0x000002227406d800 JavaThread "jar transforms Thread 5020" [_thread_blocked, id=18640, stack(0x000000b418100000,0x000000b418200000)]
  0x0000022274069800 JavaThread "jar transforms Thread 5021" [_thread_blocked, id=12816, stack(0x000000b418200000,0x000000b418300000)]
  0x0000022274067800 JavaThread "jar transforms Thread 5022" [_thread_blocked, id=14416, stack(0x000000b418300000,0x000000b418400000)]
  0x000002227406e000 JavaThread "jar transforms Thread 5023" [_thread_blocked, id=21300, stack(0x000000b418400000,0x000000b418500000)]
  0x0000022274068800 JavaThread "jar transforms Thread 5024" [_thread_blocked, id=5248, stack(0x000000b418500000,0x000000b418600000)]
  0x0000022274070000 JavaThread "jar transforms Thread 5025" [_thread_blocked, id=11948, stack(0x000000b418600000,0x000000b418700000)]
  0x000002227406a000 JavaThread "jar transforms Thread 5026" [_thread_blocked, id=3444, stack(0x000000b418700000,0x000000b418800000)]
  0x000002227406f000 JavaThread "jar transforms Thread 5027" [_thread_blocked, id=8020, stack(0x000000b418800000,0x000000b418900000)]
  0x0000022274072800 JavaThread "jar transforms Thread 5028" [_thread_blocked, id=11140, stack(0x000000b418900000,0x000000b418a00000)]
  0x0000022274073000 JavaThread "jar transforms Thread 5029" [_thread_blocked, id=10964, stack(0x000000b418a00000,0x000000b418b00000)]
  0x0000022274075000 JavaThread "jar transforms Thread 5030" [_thread_blocked, id=13656, stack(0x000000b418b00000,0x000000b418c00000)]
  0x0000022274071800 JavaThread "jar transforms Thread 5031" [_thread_blocked, id=13088, stack(0x000000b418c00000,0x000000b418d00000)]
  0x0000022274070800 JavaThread "jar transforms Thread 5032" [_thread_blocked, id=2764, stack(0x000000b418d00000,0x000000b418e00000)]
  0x000002227a308800 JavaThread "jar transforms Thread 5033" [_thread_blocked, id=14480, stack(0x000000b418e00000,0x000000b418f00000)]
  0x000002227a30d800 JavaThread "jar transforms Thread 5034" [_thread_blocked, id=20916, stack(0x000000b418f00000,0x000000b419000000)]
  0x000002227a309800 JavaThread "jar transforms Thread 5035" [_thread_blocked, id=17976, stack(0x000000b419000000,0x000000b419100000)]
  0x000002227a30e000 JavaThread "jar transforms Thread 5036" [_thread_blocked, id=8636, stack(0x000000b419100000,0x000000b419200000)]
  0x000002227a310000 JavaThread "jar transforms Thread 5037" [_thread_blocked, id=1276, stack(0x000000b419200000,0x000000b419300000)]
  0x000002227a30a000 JavaThread "jar transforms Thread 5038" [_thread_blocked, id=11744, stack(0x000000b419300000,0x000000b419400000)]
  0x000002227a30f000 JavaThread "jar transforms Thread 5039" [_thread_blocked, id=16996, stack(0x000000b419400000,0x000000b419500000)]
  0x000002227a30c800 JavaThread "jar transforms Thread 5040" [_thread_blocked, id=9648, stack(0x000000b419500000,0x000000b419600000)]
  0x000002227a310800 JavaThread "jar transforms Thread 5041" [_thread_blocked, id=8996, stack(0x000000b419600000,0x000000b419700000)]
  0x000002227a30b000 JavaThread "jar transforms Thread 5042" [_thread_blocked, id=20848, stack(0x000000b419700000,0x000000b419800000)]
  0x000002227a314000 JavaThread "jar transforms Thread 5043" [_thread_blocked, id=20508, stack(0x000000b419800000,0x000000b419900000)]
  0x000002227a315800 JavaThread "jar transforms Thread 5044" [_thread_blocked, id=14660, stack(0x000000b419900000,0x000000b419a00000)]
  0x000002227a313000 JavaThread "C2 CompilerThread1" daemon [_thread_blocked, id=17024, stack(0x000000b419a00000,0x000000b419b00000)]
  0x000002227a314800 JavaThread "build event listener" [_thread_blocked, id=14484, stack(0x000000b419b00000,0x000000b419c00000)]
  0x000002227a311800 JavaThread "build event listener" [_thread_blocked, id=12820, stack(0x000000b419c00000,0x000000b419d00000)]
  0x000002227a312800 JavaThread "Execution worker for ':'" [_thread_blocked, id=6488, stack(0x000000b419d00000,0x000000b419e00000)]
  0x000002227a316800 JavaThread "Execution worker for ':' Thread 2" [_thread_blocked, id=8132, stack(0x000000b419e00000,0x000000b419f00000)]
  0x000002227a317000 JavaThread "Execution worker for ':' Thread 3" [_thread_blocked, id=13260, stack(0x000000b419f00000,0x000000b41a000000)]
  0x000002227497d800 JavaThread "Execution worker for ':' Thread 4" [_thread_blocked, id=7416, stack(0x000000b41a000000,0x000000b41a100000)]
  0x0000022274981800 JavaThread "Execution worker for ':' Thread 5" [_thread_blocked, id=20048, stack(0x000000b41a500000,0x000000b41a600000)]
  0x0000022274983000 JavaThread "Execution worker for ':' Thread 6" [_thread_blocked, id=8768, stack(0x000000b41a600000,0x000000b41a700000)]
  0x0000022274984000 JavaThread "Execution worker for ':' Thread 7" [_thread_blocked, id=14420, stack(0x000000b41a700000,0x000000b41a800000)]
  0x0000022274982800 JavaThread "Cache worker for execution history cache (D:\HK_6\Android\GitHub\Ministop\.gradle\6.7.1\executionHistory)" [_thread_blocked, id=15864, stack(0x000000b41a800000,0x000000b41a900000)]
  0x0000022274985000 JavaThread "C2 CompilerThread2" daemon [_thread_blocked, id=17744, stack(0x000000b41a900000,0x000000b41aa00000)]
  0x000002227497f000 JavaThread "WorkerExecutor Queue" [_thread_blocked, id=9600, stack(0x000000b41aa00000,0x000000b41ab00000)]
  0x0000022274985800 JavaThread "WorkerExecutor Queue Thread 2" [_thread_blocked, id=15652, stack(0x000000b41ab00000,0x000000b41ac00000)]
  0x0000022274980000 JavaThread "WorkerExecutor Queue Thread 3" [_thread_blocked, id=20400, stack(0x000000b41ac00000,0x000000b41ad00000)]
  0x0000022274987800 JavaThread "WorkerExecutor Queue Thread 4" [_thread_blocked, id=12328, stack(0x000000b41ad00000,0x000000b41ae00000)]
  0x0000022274988000 JavaThread "WorkerExecutor Queue Thread 5" [_thread_blocked, id=9236, stack(0x000000b41ae00000,0x000000b41af00000)]
  0x0000022274989000 JavaThread "WorkerExecutor Queue Thread 6" [_thread_blocked, id=12092, stack(0x000000b41af00000,0x000000b41b000000)]
  0x0000022274989800 JavaThread "WorkerExecutor Queue Thread 7" [_thread_blocked, id=14864, stack(0x000000b41b000000,0x000000b41b100000)]
  0x000002227498c000 JavaThread "WorkerExecutor Queue Thread 8" [_thread_blocked, id=16364, stack(0x000000b41b100000,0x000000b41b200000)]
  0x000002227498a800 JavaThread "pool-270-thread-1" [_thread_blocked, id=916, stack(0x000000b41b200000,0x000000b41b300000)]
  0x000002227498b800 JavaThread "stderr" [_thread_in_native, id=17324, stack(0x000000b41b400000,0x000000b41b500000)]
  0x0000022274986800 JavaThread "stdout" [_thread_in_native, id=5976, stack(0x000000b41b600000,0x000000b41b700000)]

Other Threads:
=>0x0000022270a28800 VMThread "VM Thread" [stack: 0x000000b410d00000,0x000000b410e00000] [id=16136]
  0x0000022270c01000 WatcherThread [stack: 0x000000b411700000,0x000000b411800000] [id=7036]
  0x0000022255ec6000 GCTaskThread "GC Thread#0" [stack: 0x000000b410800000,0x000000b410900000] [id=11768]
  0x0000022271970000 GCTaskThread "GC Thread#1" [stack: 0x000000b411a00000,0x000000b411b00000] [id=12844]
  0x000002227176e000 GCTaskThread "GC Thread#2" [stack: 0x000000b411b00000,0x000000b411c00000] [id=14588]
  0x0000022271587800 GCTaskThread "GC Thread#3" [stack: 0x000000b411c00000,0x000000b411d00000] [id=8504]
  0x0000022271552000 GCTaskThread "GC Thread#4" [stack: 0x000000b411d00000,0x000000b411e00000] [id=3060]
  0x000002227186f000 GCTaskThread "GC Thread#5" [stack: 0x000000b411e00000,0x000000b411f00000] [id=13348]
  0x0000022272a44800 GCTaskThread "GC Thread#6" [stack: 0x000000b412600000,0x000000b412700000] [id=6036]
  0x0000022272c9d800 GCTaskThread "GC Thread#7" [stack: 0x000000b412c00000,0x000000b412d00000] [id=9284]
  0x0000022255ef7800 ConcurrentGCThread "G1 Main Marker" [stack: 0x000000b410900000,0x000000b410a00000] [id=880]
  0x0000022255efa000 ConcurrentGCThread "G1 Conc#0" [stack: 0x000000b410a00000,0x000000b410b00000] [id=21416]
  0x0000022272283800 ConcurrentGCThread "G1 Conc#1" [stack: 0x000000b412d00000,0x000000b412e00000] [id=16236]
  0x0000022255f7e800 ConcurrentGCThread "G1 Refine#0" [stack: 0x000000b410b00000,0x000000b410c00000] [id=18708]
  0x00000222777f5000 ConcurrentGCThread "G1 Refine#1" [stack: 0x000000b41a200000,0x000000b41a300000] [id=19420]
  0x00000222745a8000 ConcurrentGCThread "G1 Refine#2" [stack: 0x000000b41a300000,0x000000b41a400000] [id=8408]
  0x00000222745a8800 ConcurrentGCThread "G1 Refine#3" [stack: 0x000000b41a400000,0x000000b41a500000] [id=15888]
  0x00000222736f6000 ConcurrentGCThread "G1 Refine#4" [stack: 0x000000b41b500000,0x000000b41b600000] [id=11548]
  0x0000022270067000 ConcurrentGCThread "G1 Young RemSet Sampling" [stack: 0x000000b410c00000,0x000000b410d00000] [id=20280]

Threads with active compile tasks:
C2 CompilerThread019361516 40583 %     4       com.android.tools.r8.C.a.a.f::a @ 2576 (6058 bytes)
C1 CompilerThread019361516 40697       2       com.android.tools.r8.ir.conversion.o::a (372 bytes)
C2 CompilerThread119361516 40635       4       com.android.tools.r8.v.b.o::a (130 bytes)
C2 CompilerThread219361516 40559 %     4       com.android.tools.r8.graph.B::a @ 45 (173 bytes)

VM state:at safepoint (normal execution)

VM Mutex/Monitor currently owned by a thread:  ([mutex/lock_event])
[0x0000022255ea8210] Threads_lock - owner thread: 0x0000022270a28800
[0x0000022255ea84e0] Heap_lock - owner thread: 0x0000022200bfc800

Heap address: 0x0000000080000000, size: 2048 MB, Compressed Oops mode: 32-bit
Narrow klass base: 0x0000000000000000, Narrow klass shift: 3
Compressed class space size: 1073741824 Address: 0x0000000100000000

Heap:
 garbage-first heap   total 366592K, used 142843K [0x0000000080000000, 0x0000000100000000)
  region size 1024K, 2 young (2048K), 2 survivors (2048K)
 Metaspace       used 153755K, capacity 158848K, committed 159052K, reserved 1187840K
  class space    used 18004K, capacity 19744K, committed 19840K, reserved 1048576K
Heap Regions: E=young(eden), S=young(survivor), O=old, HS=humongous(starts), HC=humongous(continues), CS=collection set, F=free, A=archive, TAMS=top-at-mark-start (previous, next)
|   0|0x0000000080000000, 0x0000000080100000, 0x0000000080100000|100%| O|  |TAMS 0x0000000080100000, 0x0000000080000000| Untracked 
|   1|0x0000000080100000, 0x0000000080200000, 0x0000000080200000|100%| O|  |TAMS 0x0000000080200000, 0x0000000080100000| Untracked 
|   2|0x0000000080200000, 0x0000000080300000, 0x0000000080300000|100%| O|  |TAMS 0x0000000080300000, 0x0000000080200000| Untracked 
|   3|0x0000000080300000, 0x0000000080400000, 0x0000000080400000|100%|HS|  |TAMS 0x0000000080400000, 0x0000000080300000| Complete 
|   4|0x0000000080400000, 0x0000000080500000, 0x0000000080500000|100%|HC|  |TAMS 0x0000000080500000, 0x0000000080400000| Complete 
|   5|0x0000000080500000, 0x0000000080600000, 0x0000000080600000|100%|HC|  |TAMS 0x0000000080600000, 0x0000000080500000| Complete 
|   6|0x0000000080600000, 0x0000000080700000, 0x0000000080700000|100%| O|  |TAMS 0x0000000080700000, 0x0000000080600000| Untracked 
|   7|0x0000000080700000, 0x0000000080800000, 0x0000000080800000|100%| O|  |TAMS 0x0000000080800000, 0x0000000080700000| Untracked 
|   8|0x0000000080800000, 0x0000000080900000, 0x0000000080900000|100%| O|  |TAMS 0x0000000080900000, 0x0000000080800000| Complete 
|   9|0x0000000080900000, 0x0000000080a00000, 0x0000000080a00000|100%| O|  |TAMS 0x0000000080a00000, 0x0000000080900000| Untracked 
|  10|0x0000000080a00000, 0x0000000080b00000, 0x0000000080b00000|100%| O|  |TAMS 0x0000000080b00000, 0x0000000080a00000| Untracked 
|  11|0x0000000080b00000, 0x0000000080c00000, 0x0000000080c00000|100%| O|  |TAMS 0x0000000080c00000, 0x0000000080b00000| Untracked 
|  12|0x0000000080c00000, 0x0000000080d00000, 0x0000000080d00000|100%| O|  |TAMS 0x0000000080d00000, 0x0000000080c00000| Untracked 
|  13|0x0000000080d00000, 0x0000000080e00000, 0x0000000080e00000|100%| O|  |TAMS 0x0000000080e00000, 0x0000000080d00000| Untracked 
|  14|0x0000000080e00000, 0x0000000080f00000, 0x0000000080f00000|100%| O|  |TAMS 0x0000000080f00000, 0x0000000080e00000| Complete 
|  15|0x0000000080f00000, 0x0000000081000000, 0x0000000081000000|100%| O|  |TAMS 0x0000000081000000, 0x0000000080f00000| Complete 
|  16|0x0000000081000000, 0x0000000081100000, 0x0000000081100000|100%|HS|  |TAMS 0x0000000081100000, 0x0000000081000000| Complete 
|  17|0x0000000081100000, 0x0000000081200000, 0x0000000081200000|100%|HS|  |TAMS 0x0000000081200000, 0x0000000081100000| Complete 
|  18|0x0000000081200000, 0x0000000081300000, 0x0000000081300000|100%|HC|  |TAMS 0x0000000081300000, 0x0000000081200000| Complete 
|  19|0x0000000081300000, 0x0000000081400000, 0x0000000081400000|100%| O|  |TAMS 0x0000000081400000, 0x0000000081300000| Untracked 
|  20|0x0000000081400000, 0x0000000081500000, 0x0000000081500000|100%| O|  |TAMS 0x0000000081500000, 0x0000000081400000| Untracked 
|  21|0x0000000081500000, 0x0000000081600000, 0x0000000081600000|100%| O|  |TAMS 0x0000000081600000, 0x0000000081500000| Complete 
|  22|0x0000000081600000, 0x0000000081700000, 0x0000000081700000|100%| O|  |TAMS 0x0000000081700000, 0x0000000081600000| Complete 
|  23|0x0000000081700000, 0x0000000081800000, 0x0000000081800000|100%| O|  |TAMS 0x0000000081800000, 0x0000000081700000| Complete 
|  24|0x0000000081800000, 0x0000000081900000, 0x0000000081900000|100%| O|  |TAMS 0x0000000081900000, 0x0000000081800000| Untracked 
|  25|0x0000000081900000, 0x0000000081a00000, 0x0000000081a00000|100%| O|  |TAMS 0x0000000081a00000, 0x0000000081900000| Untracked 
|  26|0x0000000081a00000, 0x0000000081b00000, 0x0000000081b00000|100%| O|  |TAMS 0x0000000081b00000, 0x0000000081a00000| Untracked 
|  27|0x0000000081b00000, 0x0000000081c00000, 0x0000000081c00000|100%| O|  |TAMS 0x0000000081c00000, 0x0000000081b00000| Complete 
|  28|0x0000000081c00000, 0x0000000081d00000, 0x0000000081d00000|100%| O|  |TAMS 0x0000000081d00000, 0x0000000081c00000| Complete 
|  29|0x0000000081d00000, 0x0000000081e00000, 0x0000000081e00000|100%| O|  |TAMS 0x0000000081e00000, 0x0000000081d00000| Untracked 
|  30|0x0000000081e00000, 0x0000000081f00000, 0x0000000081f00000|100%| O|  |TAMS 0x0000000081f00000, 0x0000000081e00000| Untracked 
|  31|0x0000000081f00000, 0x0000000082000000, 0x0000000082000000|100%| O|  |TAMS 0x0000000082000000, 0x0000000081f00000| Complete 
|  32|0x0000000082000000, 0x0000000082100000, 0x0000000082100000|100%| O|  |TAMS 0x0000000082100000, 0x0000000082000000| Complete 
|  33|0x0000000082100000, 0x0000000082200000, 0x0000000082200000|100%| O|  |TAMS 0x0000000082200000, 0x0000000082100000| Complete 
|  34|0x0000000082200000, 0x0000000082300000, 0x0000000082300000|100%| O|  |TAMS 0x0000000082300000, 0x0000000082200000| Complete 
|  35|0x0000000082300000, 0x0000000082400000, 0x0000000082400000|100%| O|  |TAMS 0x0000000082400000, 0x0000000082300000| Complete 
|  36|0x0000000082400000, 0x0000000082500000, 0x0000000082500000|100%| O|  |TAMS 0x0000000082500000, 0x0000000082400000| Complete 
|  37|0x0000000082500000, 0x0000000082600000, 0x0000000082600000|100%| O|  |TAMS 0x0000000082600000, 0x0000000082500000| Complete 
|  38|0x0000000082600000, 0x0000000082700000, 0x0000000082700000|100%| O|  |TAMS 0x0000000082700000, 0x0000000082600000| Complete 
|  39|0x0000000082700000, 0x0000000082700000, 0x0000000082800000|  0%| F|  |TAMS 0x0000000082700000, 0x0000000082700000| Untracked 
|  40|0x0000000082800000, 0x0000000082900000, 0x0000000082900000|100%| O|  |TAMS 0x0000000082900000, 0x0000000082800000| Complete 
|  41|0x0000000082900000, 0x0000000082a00000, 0x0000000082a00000|100%| O|  |TAMS 0x0000000082a00000, 0x0000000082900000| Complete 
|  42|0x0000000082a00000, 0x0000000082a00000, 0x0000000082b00000|  0%| F|  |TAMS 0x0000000082a00000, 0x0000000082a00000| Untracked 
|  43|0x0000000082b00000, 0x0000000082b00000, 0x0000000082c00000|  0%| F|  |TAMS 0x0000000082b00000, 0x0000000082b00000| Untracked 
|  44|0x0000000082c00000, 0x0000000082c00000, 0x0000000082d00000|  0%| F|  |TAMS 0x0000000082c00000, 0x0000000082c00000| Untracked 
|  45|0x0000000082d00000, 0x0000000082e00000, 0x0000000082e00000|100%| O|  |TAMS 0x0000000082e00000, 0x0000000082d00000| Complete 
|  46|0x0000000082e00000, 0x0000000082f00000, 0x0000000082f00000|100%| O|  |TAMS 0x0000000082f00000, 0x0000000082e00000| Complete 
|  47|0x0000000082f00000, 0x0000000083000000, 0x0000000083000000|100%| O|  |TAMS 0x0000000083000000, 0x0000000082f00000| Untracked 
|  48|0x0000000083000000, 0x0000000083100000, 0x0000000083100000|100%| O|  |TAMS 0x0000000083100000, 0x0000000083000000| Untracked 
|  49|0x0000000083100000, 0x0000000083100000, 0x0000000083200000|  0%| F|  |TAMS 0x0000000083100000, 0x0000000083100000| Untracked 
|  50|0x0000000083200000, 0x0000000083300000, 0x0000000083300000|100%| O|  |TAMS 0x0000000083300000, 0x0000000083200000| Untracked 
|  51|0x0000000083300000, 0x0000000083400000, 0x0000000083400000|100%| O|  |TAMS 0x0000000083400000, 0x0000000083300000| Complete 
|  52|0x0000000083400000, 0x0000000083500000, 0x0000000083500000|100%| O|  |TAMS 0x0000000083500000, 0x0000000083400000| Complete 
|  53|0x0000000083500000, 0x0000000083600000, 0x0000000083600000|100%| O|  |TAMS 0x0000000083600000, 0x0000000083500000| Complete 
|  54|0x0000000083600000, 0x0000000083700000, 0x0000000083700000|100%| O|  |TAMS 0x0000000083700000, 0x0000000083600000| Complete 
|  55|0x0000000083700000, 0x0000000083800000, 0x0000000083800000|100%| O|  |TAMS 0x0000000083800000, 0x0000000083700000| Complete 
|  56|0x0000000083800000, 0x0000000083900000, 0x0000000083900000|100%| O|  |TAMS 0x0000000083900000, 0x0000000083800000| Complete 
|  57|0x0000000083900000, 0x0000000083a00000, 0x0000000083a00000|100%| O|  |TAMS 0x0000000083a00000, 0x0000000083900000| Untracked 
|  58|0x0000000083a00000, 0x0000000083b00000, 0x0000000083b00000|100%| O|  |TAMS 0x0000000083b00000, 0x0000000083a00000| Untracked 
|  59|0x0000000083b00000, 0x0000000083c00000, 0x0000000083c00000|100%| O|  |TAMS 0x0000000083c00000, 0x0000000083b00000| Untracked 
|  60|0x0000000083c00000, 0x0000000083c00000, 0x0000000083d00000|  0%| F|  |TAMS 0x0000000083c00000, 0x0000000083c00000| Untracked 
|  61|0x0000000083d00000, 0x0000000083e00000, 0x0000000083e00000|100%| O|  |TAMS 0x0000000083e00000, 0x0000000083d00000| Untracked 
|  62|0x0000000083e00000, 0x0000000083f00000, 0x0000000083f00000|100%| O|  |TAMS 0x0000000083f00000, 0x0000000083e00000| Untracked 
|  63|0x0000000083f00000, 0x0000000084000000, 0x0000000084000000|100%| O|  |TAMS 0x0000000084000000, 0x0000000083f00000| Untracked 
|  64|0x0000000084000000, 0x0000000084000000, 0x0000000084100000|  0%| F|  |TAMS 0x0000000084000000, 0x0000000084000000| Untracked 
|  65|0x0000000084100000, 0x0000000084200000, 0x0000000084200000|100%| O|  |TAMS 0x0000000084200000, 0x0000000084100000| Untracked 
|  66|0x0000000084200000, 0x0000000084200000, 0x0000000084300000|  0%| F|  |TAMS 0x0000000084200000, 0x0000000084200000| Untracked 
|  67|0x0000000084300000, 0x0000000084400000, 0x0000000084400000|100%| O|  |TAMS 0x0000000084400000, 0x0000000084300000| Untracked 
|  68|0x0000000084400000, 0x0000000084500000, 0x0000000084500000|100%| O|  |TAMS 0x0000000084500000, 0x0000000084400000| Untracked 
|  69|0x0000000084500000, 0x0000000084600000, 0x0000000084600000|100%| O|  |TAMS 0x0000000084600000, 0x0000000084500000| Complete 
|  70|0x0000000084600000, 0x0000000084700000, 0x0000000084700000|100%| O|  |TAMS 0x0000000084700000, 0x0000000084600000| Complete 
|  71|0x0000000084700000, 0x0000000084800000, 0x0000000084800000|100%| O|  |TAMS 0x00000000847bae00, 0x0000000084700000| Untracked 
|  72|0x0000000084800000, 0x0000000084900000, 0x0000000084900000|100%| O|  |TAMS 0x0000000084800000, 0x0000000084800000| Untracked 
|  73|0x0000000084900000, 0x0000000084a00000, 0x0000000084a00000|100%| O|  |TAMS 0x0000000084a00000, 0x0000000084900000| Untracked 
|  74|0x0000000084a00000, 0x0000000084b00000, 0x0000000084b00000|100%| O|  |TAMS 0x0000000084a00000, 0x0000000084a00000| Untracked 
|  75|0x0000000084b00000, 0x0000000084c00000, 0x0000000084c00000|100%| O|  |TAMS 0x0000000084c00000, 0x0000000084b00000| Complete 
|  76|0x0000000084c00000, 0x0000000084d00000, 0x0000000084d00000|100%| O|  |TAMS 0x0000000084d00000, 0x0000000084c00000| Complete 
|  77|0x0000000084d00000, 0x0000000084e00000, 0x0000000084e00000|100%| O|  |TAMS 0x0000000084d00000, 0x0000000084d00000| Untracked 
|  78|0x0000000084e00000, 0x0000000084f00000, 0x0000000084f00000|100%| O|  |TAMS 0x0000000084e00000, 0x0000000084e00000| Untracked 
|  79|0x0000000084f00000, 0x0000000085000000, 0x0000000085000000|100%| O|  |TAMS 0x0000000084f00000, 0x0000000084f00000| Untracked 
|  80|0x0000000085000000, 0x0000000085100000, 0x0000000085100000|100%| O|  |TAMS 0x0000000085100000, 0x0000000085000000| Complete 
|  81|0x0000000085100000, 0x0000000085200000, 0x0000000085200000|100%| O|  |TAMS 0x0000000085200000, 0x0000000085100000| Untracked 
|  82|0x0000000085200000, 0x0000000085300000, 0x0000000085300000|100%| O|  |TAMS 0x0000000085300000, 0x0000000085200000| Untracked 
|  83|0x0000000085300000, 0x0000000085400000, 0x0000000085400000|100%| O|  |TAMS 0x0000000085300000, 0x0000000085300000| Untracked 
|  84|0x0000000085400000, 0x0000000085500000, 0x0000000085500000|100%| O|  |TAMS 0x0000000085500000, 0x0000000085400000| Untracked 
|  85|0x0000000085500000, 0x0000000085600000, 0x0000000085600000|100%| O|  |TAMS 0x0000000085600000, 0x0000000085500000| Complete 
|  86|0x0000000085600000, 0x0000000085700000, 0x0000000085700000|100%|HS|  |TAMS 0x0000000085700000, 0x0000000085600000| Complete 
|  87|0x0000000085700000, 0x0000000085800000, 0x0000000085800000|100%|HC|  |TAMS 0x0000000085800000, 0x0000000085700000| Complete 
|  88|0x0000000085800000, 0x0000000085900000, 0x0000000085900000|100%|HS|  |TAMS 0x0000000085900000, 0x0000000085800000| Complete 
|  89|0x0000000085900000, 0x0000000085a00000, 0x0000000085a00000|100%|HC|  |TAMS 0x0000000085a00000, 0x0000000085900000| Complete 
|  90|0x0000000085a00000, 0x0000000085b00000, 0x0000000085b00000|100%|HC|  |TAMS 0x0000000085b00000, 0x0000000085a00000| Complete 
|  91|0x0000000085b00000, 0x0000000085c00000, 0x0000000085c00000|100%|HS|  |TAMS 0x0000000085c00000, 0x0000000085b00000| Complete 
|  92|0x0000000085c00000, 0x0000000085d00000, 0x0000000085d00000|100%|HC|  |TAMS 0x0000000085d00000, 0x0000000085c00000| Complete 
|  93|0x0000000085d00000, 0x0000000085e00000, 0x0000000085e00000|100%|HC|  |TAMS 0x0000000085e00000, 0x0000000085d00000| Complete 
|  94|0x0000000085e00000, 0x0000000085f00000, 0x0000000085f00000|100%|HC|  |TAMS 0x0000000085f00000, 0x0000000085e00000| Complete 
|  95|0x0000000085f00000, 0x0000000086000000, 0x0000000086000000|100%| O|  |TAMS 0x0000000085f00000, 0x0000000085f00000| Untracked 
|  96|0x0000000086000000, 0x0000000086100000, 0x0000000086100000|100%| O|  |TAMS 0x0000000086000000, 0x0000000086000000| Untracked 
|  97|0x0000000086100000, 0x0000000086200000, 0x0000000086200000|100%| O|  |TAMS 0x0000000086100000, 0x0000000086100000| Untracked 
|  98|0x0000000086200000, 0x0000000086300000, 0x0000000086300000|100%| O|  |TAMS 0x0000000086200000, 0x0000000086200000| Untracked 
|  99|0x0000000086300000, 0x0000000086400000, 0x0000000086400000|100%| O|  |TAMS 0x0000000086300000, 0x0000000086300000| Untracked 
| 100|0x0000000086400000, 0x0000000086500000, 0x0000000086500000|100%| O|  |TAMS 0x0000000086400000, 0x0000000086400000| Untracked 
| 101|0x0000000086500000, 0x0000000086600000, 0x0000000086600000|100%| O|  |TAMS 0x0000000086600000, 0x0000000086500000| Complete 
| 102|0x0000000086600000, 0x0000000086700000, 0x0000000086700000|100%| O|  |TAMS 0x0000000086600000, 0x0000000086600000| Untracked 
| 103|0x0000000086700000, 0x0000000086800000, 0x0000000086800000|100%| O|  |TAMS 0x0000000086700000, 0x0000000086700000| Untracked 
| 104|0x0000000086800000, 0x0000000086900000, 0x0000000086900000|100%| O|  |TAMS 0x0000000086800000, 0x0000000086800000| Untracked 
| 105|0x0000000086900000, 0x0000000086a00000, 0x0000000086a00000|100%| O|  |TAMS 0x0000000086900000, 0x0000000086900000| Untracked 
| 106|0x0000000086a00000, 0x0000000086b00000, 0x0000000086b00000|100%| O|  |TAMS 0x0000000086a00000, 0x0000000086a00000| Untracked 
| 107|0x0000000086b00000, 0x0000000086c00000, 0x0000000086c00000|100%| O|  |TAMS 0x0000000086c00000, 0x0000000086b00000| Complete 
| 108|0x0000000086c00000, 0x0000000086d00000, 0x0000000086d00000|100%| O|  |TAMS 0x0000000086d00000, 0x0000000086c00000| Complete 
| 109|0x0000000086d00000, 0x0000000086e00000, 0x0000000086e00000|100%| O|  |TAMS 0x0000000086e00000, 0x0000000086d00000| Complete 
| 110|0x0000000086e00000, 0x0000000086f00000, 0x0000000086f00000|100%| O|  |TAMS 0x0000000086f00000, 0x0000000086e00000| Complete 
| 111|0x0000000086f00000, 0x0000000087000000, 0x0000000087000000|100%| O|  |TAMS 0x0000000087000000, 0x0000000086f00000| Complete 
| 112|0x0000000087000000, 0x0000000087100000, 0x0000000087100000|100%| O|  |TAMS 0x0000000087100000, 0x0000000087000000| Untracked 
| 113|0x0000000087100000, 0x0000000087100000, 0x0000000087200000|  0%| F|  |TAMS 0x0000000087100000, 0x0000000087100000| Untracked 
| 114|0x0000000087200000, 0x0000000087300000, 0x0000000087300000|100%| O|  |TAMS 0x0000000087200000, 0x0000000087200000| Untracked 
| 115|0x0000000087300000, 0x0000000087400000, 0x0000000087400000|100%| O|  |TAMS 0x0000000087400000, 0x0000000087300000| Complete 
| 116|0x0000000087400000, 0x0000000087500000, 0x0000000087500000|100%| O|  |TAMS 0x0000000087500000, 0x0000000087400000| Untracked 
| 117|0x0000000087500000, 0x0000000087600000, 0x0000000087600000|100%| O|  |TAMS 0x0000000087600000, 0x0000000087500000| Complete 
| 118|0x0000000087600000, 0x0000000087700000, 0x0000000087700000|100%| O|  |TAMS 0x0000000087600000, 0x0000000087600000| Untracked 
| 119|0x0000000087700000, 0x0000000087700000, 0x0000000087800000|  0%| F|  |TAMS 0x0000000087700000, 0x0000000087700000| Untracked 
| 120|0x0000000087800000, 0x0000000087900000, 0x0000000087900000|100%| O|  |TAMS 0x0000000087900000, 0x0000000087800000| Complete 
| 121|0x0000000087900000, 0x0000000087a00000, 0x0000000087a00000|100%| O|  |TAMS 0x0000000087900000, 0x0000000087900000| Untracked 
| 122|0x0000000087a00000, 0x0000000087b00000, 0x0000000087b00000|100%|HS|  |TAMS 0x0000000087b00000, 0x0000000087a00000| Complete 
| 123|0x0000000087b00000, 0x0000000087c00000, 0x0000000087c00000|100%|HC|  |TAMS 0x0000000087c00000, 0x0000000087b00000| Complete 
| 124|0x0000000087c00000, 0x0000000087d00000, 0x0000000087d00000|100%|HC|  |TAMS 0x0000000087d00000, 0x0000000087c00000| Complete 
| 125|0x0000000087d00000, 0x0000000087e00000, 0x0000000087e00000|100%| O|  |TAMS 0x0000000087d00000, 0x0000000087d00000| Untracked 
| 126|0x0000000087e00000, 0x0000000087f00000, 0x0000000087f00000|100%| O|  |TAMS 0x0000000087f00000, 0x0000000087e00000| Complete 
| 127|0x0000000087f00000, 0x0000000088000000, 0x0000000088000000|100%| O|  |TAMS 0x0000000088000000, 0x0000000087f00000| Complete 
| 128|0x0000000088000000, 0x0000000088100000, 0x0000000088100000|100%| O|  |TAMS 0x0000000088100000, 0x0000000088000000| Complete 
| 129|0x0000000088100000, 0x0000000088200000, 0x0000000088200000|100%| O|  |TAMS 0x0000000088200000, 0x0000000088100000| Untracked 
| 130|0x0000000088200000, 0x0000000088300000, 0x0000000088300000|100%| O|  |TAMS 0x0000000088300000, 0x0000000088200000| Untracked 
| 131|0x0000000088300000, 0x0000000088400000, 0x0000000088400000|100%| O|  |TAMS 0x0000000088400000, 0x0000000088300000| Untracked 
| 132|0x0000000088400000, 0x0000000088500000, 0x0000000088500000|100%| O|  |TAMS 0x0000000088500000, 0x0000000088400000| Untracked 
| 133|0x0000000088500000, 0x0000000088600000, 0x0000000088600000|100%| O|  |TAMS 0x0000000088600000, 0x0000000088500000| Untracked 
| 134|0x0000000088600000, 0x0000000088700000, 0x0000000088700000|100%| O|  |TAMS 0x0000000088700000, 0x0000000088600000| Untracked 
| 135|0x0000000088700000, 0x0000000088800000, 0x0000000088800000|100%| O|  |TAMS 0x0000000088800000, 0x0000000088700000| Complete 
| 136|0x0000000088800000, 0x0000000088900000, 0x0000000088900000|100%| O|  |TAMS 0x0000000088900000, 0x0000000088800000| Complete 
| 137|0x0000000088900000, 0x0000000088a00000, 0x0000000088a00000|100%| O|  |TAMS 0x0000000088a00000, 0x0000000088900000| Untracked 
| 138|0x0000000088a00000, 0x0000000088b00000, 0x0000000088b00000|100%|HS|  |TAMS 0x0000000088b00000, 0x0000000088a00000| Complete 
| 139|0x0000000088b00000, 0x0000000088c00000, 0x0000000088c00000|100%|HC|  |TAMS 0x0000000088c00000, 0x0000000088b00000| Complete 
| 140|0x0000000088c00000, 0x0000000088d00000, 0x0000000088d00000|100%|HC|  |TAMS 0x0000000088d00000, 0x0000000088c00000| Complete 
| 141|0x0000000088d00000, 0x0000000088e00000, 0x0000000088e00000|100%|HC|  |TAMS 0x0000000088e00000, 0x0000000088d00000| Complete 
| 142|0x0000000088e00000, 0x0000000088f00000, 0x0000000088f00000|100%| O|  |TAMS 0x0000000088e00000, 0x0000000088e00000| Untracked 
| 143|0x0000000088f00000, 0x0000000089000000, 0x0000000089000000|100%| O|  |TAMS 0x0000000088f00000, 0x0000000088f00000| Untracked 
| 144|0x0000000089000000, 0x0000000089100000, 0x0000000089100000|100%| O|  |TAMS 0x0000000089000000, 0x0000000089000000| Untracked 
| 145|0x0000000089100000, 0x0000000089200000, 0x0000000089200000|100%| O|  |TAMS 0x0000000089100000, 0x0000000089100000| Untracked 
| 146|0x0000000089200000, 0x00000000892d0c00, 0x0000000089300000| 81%| O|  |TAMS 0x0000000089200000, 0x0000000089200000| Untracked 
| 147|0x0000000089300000, 0x0000000089300000, 0x0000000089400000|  0%| F|  |TAMS 0x0000000089300000, 0x0000000089300000| Untracked 
| 148|0x0000000089400000, 0x0000000089400000, 0x0000000089500000|  0%| F|  |TAMS 0x0000000089400000, 0x0000000089400000| Untracked 
| 149|0x0000000089500000, 0x0000000089500000, 0x0000000089600000|  0%| F|  |TAMS 0x0000000089500000, 0x0000000089500000| Untracked 
| 150|0x0000000089600000, 0x0000000089600000, 0x0000000089700000|  0%| F|  |TAMS 0x0000000089600000, 0x0000000089600000| Untracked 
| 151|0x0000000089700000, 0x0000000089700000, 0x0000000089800000|  0%| F|  |TAMS 0x0000000089700000, 0x0000000089700000| Untracked 
| 152|0x0000000089800000, 0x0000000089800000, 0x0000000089900000|  0%| F|  |TAMS 0x0000000089800000, 0x0000000089800000| Untracked 
| 153|0x0000000089900000, 0x0000000089900000, 0x0000000089a00000|  0%| F|  |TAMS 0x0000000089900000, 0x0000000089900000| Untracked 
| 154|0x0000000089a00000, 0x0000000089b00000, 0x0000000089b00000|100%| O|  |TAMS 0x0000000089b00000, 0x0000000089a00000| Complete 
| 155|0x0000000089b00000, 0x0000000089b00000, 0x0000000089c00000|  0%| F|  |TAMS 0x0000000089b00000, 0x0000000089b00000| Untracked 
| 156|0x0000000089c00000, 0x0000000089c00000, 0x0000000089d00000|  0%| F|  |TAMS 0x0000000089c00000, 0x0000000089c00000| Untracked 
| 157|0x0000000089d00000, 0x0000000089d00000, 0x0000000089e00000|  0%| F|  |TAMS 0x0000000089d00000, 0x0000000089d00000| Untracked 
| 158|0x0000000089e00000, 0x0000000089e00000, 0x0000000089f00000|  0%| F|  |TAMS 0x0000000089e00000, 0x0000000089e00000| Untracked 
| 159|0x0000000089f00000, 0x0000000089f00000, 0x000000008a000000|  0%| F|  |TAMS 0x0000000089f00000, 0x0000000089f00000| Untracked 
| 160|0x000000008a000000, 0x000000008a000000, 0x000000008a100000|  0%| F|  |TAMS 0x000000008a000000, 0x000000008a000000| Untracked 
| 161|0x000000008a100000, 0x000000008a100000, 0x000000008a200000|  0%| F|  |TAMS 0x000000008a100000, 0x000000008a100000| Untracked 
| 162|0x000000008a200000, 0x000000008a200000, 0x000000008a300000|  0%| F|  |TAMS 0x000000008a200000, 0x000000008a200000| Untracked 
| 163|0x000000008a300000, 0x000000008a300000, 0x000000008a400000|  0%| F|  |TAMS 0x000000008a300000, 0x000000008a300000| Untracked 
| 164|0x000000008a400000, 0x000000008a400000, 0x000000008a500000|  0%| F|  |TAMS 0x000000008a400000, 0x000000008a400000| Untracked 
| 165|0x000000008a500000, 0x000000008a500000, 0x000000008a600000|  0%| F|  |TAMS 0x000000008a500000, 0x000000008a500000| Untracked 
| 166|0x000000008a600000, 0x000000008a600000, 0x000000008a700000|  0%| F|  |TAMS 0x000000008a600000, 0x000000008a600000| Untracked 
| 167|0x000000008a700000, 0x000000008a700000, 0x000000008a800000|  0%| F|  |TAMS 0x000000008a700000, 0x000000008a700000| Untracked 
| 168|0x000000008a800000, 0x000000008a800000, 0x000000008a900000|  0%| F|  |TAMS 0x000000008a800000, 0x000000008a800000| Untracked 
| 169|0x000000008a900000, 0x000000008a900000, 0x000000008aa00000|  0%| F|  |TAMS 0x000000008a900000, 0x000000008a900000| Untracked 
| 170|0x000000008aa00000, 0x000000008aa00000, 0x000000008ab00000|  0%| F|  |TAMS 0x000000008aa00000, 0x000000008aa00000| Untracked 
| 171|0x000000008ab00000, 0x000000008ab00000, 0x000000008ac00000|  0%| F|  |TAMS 0x000000008ab00000, 0x000000008ab00000| Untracked 
| 172|0x000000008ac00000, 0x000000008ac00000, 0x000000008ad00000|  0%| F|  |TAMS 0x000000008ac00000, 0x000000008ac00000| Untracked 
| 173|0x000000008ad00000, 0x000000008ad00000, 0x000000008ae00000|  0%| F|  |TAMS 0x000000008ad00000, 0x000000008ad00000| Untracked 
| 174|0x000000008ae00000, 0x000000008ae00000, 0x000000008af00000|  0%| F|  |TAMS 0x000000008ae00000, 0x000000008ae00000| Untracked 
| 175|0x000000008af00000, 0x000000008af00000, 0x000000008b000000|  0%| F|  |TAMS 0x000000008af00000, 0x000000008af00000| Untracked 
| 176|0x000000008b000000, 0x000000008b000000, 0x000000008b100000|  0%| F|  |TAMS 0x000000008b000000, 0x000000008b000000| Untracked 
| 177|0x000000008b100000, 0x000000008b100000, 0x000000008b200000|  0%| F|  |TAMS 0x000000008b100000, 0x000000008b100000| Untracked 
| 178|0x000000008b200000, 0x000000008b200000, 0x000000008b300000|  0%| F|  |TAMS 0x000000008b200000, 0x000000008b200000| Untracked 
| 179|0x000000008b300000, 0x000000008b300000, 0x000000008b400000|  0%| F|  |TAMS 0x000000008b300000, 0x000000008b300000| Untracked 
| 180|0x000000008b400000, 0x000000008b400000, 0x000000008b500000|  0%| F|  |TAMS 0x000000008b400000, 0x000000008b400000| Untracked 
| 181|0x000000008b500000, 0x000000008b500000, 0x000000008b600000|  0%| F|  |TAMS 0x000000008b500000, 0x000000008b500000| Untracked 
| 182|0x000000008b600000, 0x000000008b600000, 0x000000008b700000|  0%| F|  |TAMS 0x000000008b600000, 0x000000008b600000| Untracked 
| 183|0x000000008b700000, 0x000000008b700000, 0x000000008b800000|  0%| F|  |TAMS 0x000000008b700000, 0x000000008b700000| Untracked 
| 184|0x000000008b800000, 0x000000008b800000, 0x000000008b900000|  0%| F|  |TAMS 0x000000008b800000, 0x000000008b800000| Untracked 
| 185|0x000000008b900000, 0x000000008b900000, 0x000000008ba00000|  0%| F|  |TAMS 0x000000008b900000, 0x000000008b900000| Untracked 
| 186|0x000000008ba00000, 0x000000008ba00000, 0x000000008bb00000|  0%| F|  |TAMS 0x000000008ba00000, 0x000000008ba00000| Untracked 
| 187|0x000000008bb00000, 0x000000008bb00000, 0x000000008bc00000|  0%| F|  |TAMS 0x000000008bb00000, 0x000000008bb00000| Untracked 
| 188|0x000000008bc00000, 0x000000008bc00000, 0x000000008bd00000|  0%| F|  |TAMS 0x000000008bc00000, 0x000000008bc00000| Untracked 
| 189|0x000000008bd00000, 0x000000008bd00000, 0x000000008be00000|  0%| F|  |TAMS 0x000000008bd00000, 0x000000008bd00000| Untracked 
| 190|0x000000008be00000, 0x000000008be00000, 0x000000008bf00000|  0%| F|  |TAMS 0x000000008be00000, 0x000000008be00000| Untracked 
| 191|0x000000008bf00000, 0x000000008bf00000, 0x000000008c000000|  0%| F|  |TAMS 0x000000008bf00000, 0x000000008bf00000| Untracked 
| 192|0x000000008c000000, 0x000000008c000000, 0x000000008c100000|  0%| F|  |TAMS 0x000000008c000000, 0x000000008c000000| Untracked 
| 193|0x000000008c100000, 0x000000008c100000, 0x000000008c200000|  0%| F|  |TAMS 0x000000008c100000, 0x000000008c100000| Untracked 
| 194|0x000000008c200000, 0x000000008c200000, 0x000000008c300000|  0%| F|  |TAMS 0x000000008c200000, 0x000000008c200000| Untracked 
| 195|0x000000008c300000, 0x000000008c300000, 0x000000008c400000|  0%| F|  |TAMS 0x000000008c300000, 0x000000008c300000| Untracked 
| 196|0x000000008c400000, 0x000000008c400000, 0x000000008c500000|  0%| F|  |TAMS 0x000000008c400000, 0x000000008c400000| Untracked 
| 197|0x000000008c500000, 0x000000008c500000, 0x000000008c600000|  0%| F|  |TAMS 0x000000008c500000, 0x000000008c500000| Untracked 
| 198|0x000000008c600000, 0x000000008c600000, 0x000000008c700000|  0%| F|  |TAMS 0x000000008c600000, 0x000000008c600000| Untracked 
| 199|0x000000008c700000, 0x000000008c700000, 0x000000008c800000|  0%| F|  |TAMS 0x000000008c700000, 0x000000008c700000| Untracked 
| 200|0x000000008c800000, 0x000000008c800000, 0x000000008c900000|  0%| F|  |TAMS 0x000000008c800000, 0x000000008c800000| Untracked 
| 201|0x000000008c900000, 0x000000008c900000, 0x000000008ca00000|  0%| F|  |TAMS 0x000000008c900000, 0x000000008c900000| Untracked 
| 202|0x000000008ca00000, 0x000000008ca00000, 0x000000008cb00000|  0%| F|  |TAMS 0x000000008ca00000, 0x000000008ca00000| Untracked 
| 203|0x000000008cb00000, 0x000000008cb00000, 0x000000008cc00000|  0%| F|  |TAMS 0x000000008cb00000, 0x000000008cb00000| Untracked 
| 204|0x000000008cc00000, 0x000000008cc00000, 0x000000008cd00000|  0%| F|  |TAMS 0x000000008cc00000, 0x000000008cc00000| Untracked 
| 205|0x000000008cd00000, 0x000000008cd00000, 0x000000008ce00000|  0%| F|  |TAMS 0x000000008cd00000, 0x000000008cd00000| Untracked 
| 206|0x000000008ce00000, 0x000000008ce00000, 0x000000008cf00000|  0%| F|  |TAMS 0x000000008ce00000, 0x000000008ce00000| Untracked 
| 207|0x000000008cf00000, 0x000000008cf00000, 0x000000008d000000|  0%| F|  |TAMS 0x000000008cf00000, 0x000000008cf00000| Untracked 
| 208|0x000000008d000000, 0x000000008d000000, 0x000000008d100000|  0%| F|  |TAMS 0x000000008d000000, 0x000000008d000000| Untracked 
| 209|0x000000008d100000, 0x000000008d100000, 0x000000008d200000|  0%| F|  |TAMS 0x000000008d100000, 0x000000008d100000| Untracked 
| 210|0x000000008d200000, 0x000000008d200000, 0x000000008d300000|  0%| F|  |TAMS 0x000000008d200000, 0x000000008d200000| Untracked 
| 211|0x000000008d300000, 0x000000008d300000, 0x000000008d400000|  0%| F|  |TAMS 0x000000008d300000, 0x000000008d300000| Untracked 
| 212|0x000000008d400000, 0x000000008d400000, 0x000000008d500000|  0%| F|  |TAMS 0x000000008d400000, 0x000000008d400000| Untracked 
| 213|0x000000008d500000, 0x000000008d500000, 0x000000008d600000|  0%| F|  |TAMS 0x000000008d500000, 0x000000008d500000| Untracked 
| 214|0x000000008d600000, 0x000000008d600000, 0x000000008d700000|  0%| F|  |TAMS 0x000000008d600000, 0x000000008d600000| Untracked 
| 215|0x000000008d700000, 0x000000008d700000, 0x000000008d800000|  0%| F|  |TAMS 0x000000008d700000, 0x000000008d700000| Untracked 
| 216|0x000000008d800000, 0x000000008d800000, 0x000000008d900000|  0%| F|  |TAMS 0x000000008d800000, 0x000000008d800000| Untracked 
| 217|0x000000008d900000, 0x000000008d900000, 0x000000008da00000|  0%| F|  |TAMS 0x000000008d900000, 0x000000008d900000| Untracked 
| 218|0x000000008da00000, 0x000000008da00000, 0x000000008db00000|  0%| F|  |TAMS 0x000000008da00000, 0x000000008da00000| Untracked 
| 219|0x000000008db00000, 0x000000008db00000, 0x000000008dc00000|  0%| F|  |TAMS 0x000000008db00000, 0x000000008db00000| Untracked 
| 220|0x000000008dc00000, 0x000000008dc00000, 0x000000008dd00000|  0%| F|  |TAMS 0x000000008dc00000, 0x000000008dc00000| Untracked 
| 221|0x000000008dd00000, 0x000000008dd00000, 0x000000008de00000|  0%| F|  |TAMS 0x000000008dd00000, 0x000000008dd00000| Untracked 
| 222|0x000000008de00000, 0x000000008de00000, 0x000000008df00000|  0%| F|  |TAMS 0x000000008de00000, 0x000000008de00000| Untracked 
| 223|0x000000008df00000, 0x000000008df00000, 0x000000008e000000|  0%| F|  |TAMS 0x000000008df00000, 0x000000008df00000| Untracked 
| 224|0x000000008e000000, 0x000000008e000000, 0x000000008e100000|  0%| F|  |TAMS 0x000000008e000000, 0x000000008e000000| Untracked 
| 225|0x000000008e100000, 0x000000008e100000, 0x000000008e200000|  0%| F|  |TAMS 0x000000008e100000, 0x000000008e100000| Untracked 
| 226|0x000000008e200000, 0x000000008e200000, 0x000000008e300000|  0%| F|  |TAMS 0x000000008e200000, 0x000000008e200000| Untracked 
| 227|0x000000008e300000, 0x000000008e300000, 0x000000008e400000|  0%| F|  |TAMS 0x000000008e300000, 0x000000008e300000| Untracked 
| 228|0x000000008e400000, 0x000000008e400000, 0x000000008e500000|  0%| F|  |TAMS 0x000000008e400000, 0x000000008e400000| Untracked 
| 229|0x000000008e500000, 0x000000008e500000, 0x000000008e600000|  0%| F|  |TAMS 0x000000008e500000, 0x000000008e500000| Untracked 
| 230|0x000000008e600000, 0x000000008e600000, 0x000000008e700000|  0%| F|  |TAMS 0x000000008e600000, 0x000000008e600000| Untracked 
| 231|0x000000008e700000, 0x000000008e700000, 0x000000008e800000|  0%| F|  |TAMS 0x000000008e700000, 0x000000008e700000| Untracked 
| 232|0x000000008e800000, 0x000000008e800000, 0x000000008e900000|  0%| F|  |TAMS 0x000000008e800000, 0x000000008e800000| Untracked 
| 233|0x000000008e900000, 0x000000008e900000, 0x000000008ea00000|  0%| F|  |TAMS 0x000000008e900000, 0x000000008e900000| Untracked 
| 234|0x000000008ea00000, 0x000000008ea00000, 0x000000008eb00000|  0%| F|  |TAMS 0x000000008ea00000, 0x000000008ea00000| Untracked 
| 235|0x000000008eb00000, 0x000000008eb00000, 0x000000008ec00000|  0%| F|  |TAMS 0x000000008eb00000, 0x000000008eb00000| Untracked 
| 236|0x000000008ec00000, 0x000000008ec00000, 0x000000008ed00000|  0%| F|  |TAMS 0x000000008ec00000, 0x000000008ec00000| Untracked 
| 237|0x000000008ed00000, 0x000000008ed00000, 0x000000008ee00000|  0%| F|  |TAMS 0x000000008ed00000, 0x000000008ed00000| Untracked 
| 238|0x000000008ee00000, 0x000000008ee00000, 0x000000008ef00000|  0%| F|  |TAMS 0x000000008ee00000, 0x000000008ee00000| Untracked 
| 239|0x000000008ef00000, 0x000000008ef00000, 0x000000008f000000|  0%| F|  |TAMS 0x000000008ef00000, 0x000000008ef00000| Untracked 
| 240|0x000000008f000000, 0x000000008f000000, 0x000000008f100000|  0%| F|  |TAMS 0x000000008f000000, 0x000000008f000000| Untracked 
| 241|0x000000008f100000, 0x000000008f100000, 0x000000008f200000|  0%| F|  |TAMS 0x000000008f100000, 0x000000008f100000| Untracked 
| 242|0x000000008f200000, 0x000000008f200000, 0x000000008f300000|  0%| F|  |TAMS 0x000000008f200000, 0x000000008f200000| Untracked 
| 243|0x000000008f300000, 0x000000008f300000, 0x000000008f400000|  0%| F|  |TAMS 0x000000008f300000, 0x000000008f300000| Untracked 
| 244|0x000000008f400000, 0x000000008f400000, 0x000000008f500000|  0%| F|  |TAMS 0x000000008f400000, 0x000000008f400000| Untracked 
| 245|0x000000008f500000, 0x000000008f500000, 0x000000008f600000|  0%| F|  |TAMS 0x000000008f500000, 0x000000008f500000| Untracked 
| 246|0x000000008f600000, 0x000000008f600000, 0x000000008f700000|  0%| F|  |TAMS 0x000000008f600000, 0x000000008f600000| Untracked 
| 247|0x000000008f700000, 0x000000008f700000, 0x000000008f800000|  0%| F|  |TAMS 0x000000008f700000, 0x000000008f700000| Untracked 
| 248|0x000000008f800000, 0x000000008f800000, 0x000000008f900000|  0%| F|  |TAMS 0x000000008f800000, 0x000000008f800000| Untracked 
| 249|0x000000008f900000, 0x000000008f900000, 0x000000008fa00000|  0%| F|  |TAMS 0x000000008f900000, 0x000000008f900000| Untracked 
| 250|0x000000008fa00000, 0x000000008faae390, 0x000000008fb00000| 68%| S|CS|TAMS 0x000000008fa00000, 0x000000008fa00000| Complete 
| 251|0x000000008fb00000, 0x000000008fc00000, 0x000000008fc00000|100%| S|CS|TAMS 0x000000008fb00000, 0x000000008fb00000| Complete 
| 252|0x000000008fc00000, 0x000000008fc00000, 0x000000008fd00000|  0%| F|  |TAMS 0x000000008fc00000, 0x000000008fc00000| Untracked 
| 253|0x000000008fd00000, 0x000000008fd00000, 0x000000008fe00000|  0%| F|  |TAMS 0x000000008fd00000, 0x000000008fd00000| Untracked 

Card table byte_map: [0x0000022268f50000,0x0000022269350000] _byte_map_base: 0x0000022268b50000

Marking Bits (Prev, Next): (CMBitMap*) 0x0000022255eeea28, (CMBitMap*) 0x0000022255eeea60
 Prev Bits: [0x0000022269750000, 0x000002226b750000)
 Next Bits: [0x000002226b750000, 0x000002226d750000)

Polling page: 0x0000022253d80000

Metaspace:

Usage:
  Non-class:    135.84 MB capacity,   132.57 MB ( 98%) used,     2.72 MB (  2%) free+waste,   567.38 KB ( <1%) overhead. 
      Class:     19.28 MB capacity,    17.58 MB ( 91%) used,     1.46 MB (  8%) free+waste,   242.31 KB (  1%) overhead. 
       Both:    155.13 MB capacity,   150.15 MB ( 97%) used,     4.18 MB (  3%) free+waste,   809.69 KB ( <1%) overhead. 

Virtual space:
  Non-class space:      136.00 MB reserved,     135.95 MB (>99%) committed 
      Class space:        1.00 GB reserved,      19.38 MB (  2%) committed 
             Both:        1.13 GB reserved,     155.32 MB ( 13%) committed 

Chunk freelists:
   Non-Class:  44.00 KB
       Class:  32.00 KB
        Both:  76.00 KB

MaxMetaspaceSize: 17179869184.00 GB
CompressedClassSpaceSize: 1.00 GB

CodeHeap 'non-profiled nmethods': size=120000Kb used=32718Kb max_used=32718Kb free=87281Kb
 bounds [0x00000222612f0000, 0x00000222632f0000, 0x0000022268820000]
CodeHeap 'profiled nmethods': size=120000Kb used=65190Kb max_used=65190Kb free=54809Kb
 bounds [0x0000022259dc0000, 0x000002225dde0000, 0x00000222612f0000]
CodeHeap 'non-nmethods': size=5760Kb used=2397Kb max_used=2452Kb free=3363Kb
 bounds [0x0000022259820000, 0x0000022259a90000, 0x0000022259dc0000]
 total_blobs=31730 nmethods=30697 adapters=942
 compilation: enabled
              stopped_count=0, restarted_count=0
 full_count=0

Compilation events (20 events):
Event: 19361.326 Thread 0x0000022270a90800 nmethod 40609 0x000002225ddac390 code [0x000002225ddac760, 0x000002225ddae478]
Event: 19361.326 Thread 0x0000022270a90800 40627       3       com.android.tools.r8.ir.conversion.S::a (1010 bytes)
Event: 19361.349 Thread 0x0000022270a90800 nmethod 40627 0x000002225ddaf090 code [0x000002225ddafb40, 0x000002225ddb6b68]
Event: 19361.349 Thread 0x0000022270a90800 40667       2       java.util.ArrayDeque::contains (80 bytes)
Event: 19361.349 Thread 0x0000022270a90800 nmethod 40667 0x000002225ddb9110 code [0x000002225ddb92e0, 0x000002225ddb9588]
Event: 19361.349 Thread 0x0000022270a90800 40628   !   3       com.android.tools.r8.graph.p::a (1530 bytes)
Event: 19361.370 Thread 0x000002227a313000 nmethod 40616 0x00000222632eac90 code [0x00000222632eafa0, 0x00000222632ec500]
Event: 19361.370 Thread 0x000002227a313000 40635       4       com.android.tools.r8.v.b.o::a (130 bytes)
Event: 19361.377 Thread 0x0000022270a90800 nmethod 40628 0x000002225ddb9710 code [0x000002225ddbaac0, 0x000002225ddc8b48]
Event: 19361.377 Thread 0x0000022270a90800 40693       2       com.android.tools.r8.ir.regalloc.a::a (125 bytes)
Event: 19361.378 Thread 0x0000022270a90800 nmethod 40693 0x000002225ddcde10 code [0x000002225ddcdfe0, 0x000002225ddce288]
Event: 19361.378 Thread 0x0000022270a90800 40611       3       java.util.PriorityQueue::siftDownComparable (100 bytes)
Event: 19361.379 Thread 0x0000022270a90800 nmethod 40611 0x000002225ddce410 code [0x000002225ddce640, 0x000002225ddcf038]
Event: 19361.379 Thread 0x0000022270a90800 40648       2       com.android.tools.r8.v.a.j.e::b (682 bytes)
Event: 19361.384 Thread 0x0000022270a90800 nmethod 40648 0x000002225ddcf310 code [0x000002225ddcf880, 0x000002225ddd11e8]
Event: 19361.385 Thread 0x0000022270a90800 40658       2       com.android.tools.r8.ir.regalloc.a::a (270 bytes)
Event: 19361.408 Thread 0x0000022270a90800 nmethod 40658 0x000002225ddd2210 code [0x000002225ddd2580, 0x000002225ddd34b8]
Event: 19361.408 Thread 0x0000022270a90800 40686       2       com.android.tools.r8.ir.regalloc.h::a (90 bytes)
Event: 19361.409 Thread 0x0000022270a90800 nmethod 40686 0x000002225ddd3d90 code [0x000002225ddd3f60, 0x000002225ddd4388]
Event: 19361.409 Thread 0x0000022270a90800 40697       2       com.android.tools.r8.ir.conversion.o::a (372 bytes)

GC Heap History (20 events):
Event: 19358.249 GC heap after
{Heap after GC invocations=306 (full 0):
 garbage-first heap   total 260096K, used 152782K [0x0000000080000000, 0x0000000100000000)
  region size 1024K, 2 young (2048K), 2 survivors (2048K)
 Metaspace       used 149504K, capacity 154542K, committed 156748K, reserved 1185792K
  class space    used 17657K, capacity 19410K, committed 19840K, reserved 1048576K
}
Event: 19358.485 GC heap before
{Heap before GC invocations=306 (full 0):
 garbage-first heap   total 260096K, used 171214K [0x0000000080000000, 0x0000000100000000)
  region size 1024K, 21 young (21504K), 2 survivors (2048K)
 Metaspace       used 149533K, capacity 154552K, committed 156748K, reserved 1185792K
  class space    used 17660K, capacity 19413K, committed 19840K, reserved 1048576K
}
Event: 19358.498 GC heap after
{Heap after GC invocations=307 (full 0):
 garbage-first heap   total 260096K, used 157342K [0x0000000080000000, 0x0000000100000000)
  region size 1024K, 6 young (6144K), 6 survivors (6144K)
 Metaspace       used 149533K, capacity 154552K, committed 156748K, reserved 1185792K
  class space    used 17660K, capacity 19413K, committed 19840K, reserved 1048576K
}
Event: 19359.063 GC heap before
{Heap before GC invocations=308 (full 0):
 garbage-first heap   total 260096K, used 225950K [0x0000000080000000, 0x0000000100000000)
  region size 1024K, 59 young (60416K), 6 survivors (6144K)
 Metaspace       used 151907K, capacity 156943K, committed 157260K, reserved 1187840K
  class space    used 17843K, capacity 19583K, committed 19840K, reserved 1048576K
}
Event: 19359.074 GC heap after
{Heap after GC invocations=309 (full 0):
 garbage-first heap   total 260096K, used 158395K [0x0000000080000000, 0x0000000100000000)
  region size 1024K, 6 young (6144K), 6 survivors (6144K)
 Metaspace       used 151907K, capacity 156943K, committed 157260K, reserved 1187840K
  class space    used 17843K, capacity 19583K, committed 19840K, reserved 1048576K
}
Event: 19359.114 GC heap before
{Heap before GC invocations=309 (full 0):
 garbage-first heap   total 260096K, used 164539K [0x0000000080000000, 0x0000000100000000)
  region size 1024K, 12 young (12288K), 6 survivors (6144K)
 Metaspace       used 151915K, capacity 157007K, committed 157516K, reserved 1187840K
  class space    used 17843K, capacity 19583K, committed 19840K, reserved 1048576K
}
Event: 19359.123 GC heap after
{Heap after GC invocations=310 (full 0):
 garbage-first heap   total 260096K, used 157295K [0x0000000080000000, 0x0000000100000000)
  region size 1024K, 2 young (2048K), 2 survivors (2048K)
 Metaspace       used 151915K, capacity 157007K, committed 157516K, reserved 1187840K
  class space    used 17843K, capacity 19583K, committed 19840K, reserved 1048576K
}
Event: 19359.473 GC heap before
{Heap before GC invocations=310 (full 0):
 garbage-first heap   total 260096K, used 212591K [0x0000000080000000, 0x0000000100000000)
  region size 1024K, 56 young (57344K), 2 survivors (2048K)
 Metaspace       used 152107K, capacity 157135K, committed 157516K, reserved 1187840K
  class space    used 17849K, capacity 19583K, committed 19840K, reserved 1048576K
}
Event: 19359.480 GC heap after
{Heap after GC invocations=311 (full 0):
 garbage-first heap   total 260096K, used 158744K [0x0000000080000000, 0x0000000100000000)
  region size 1024K, 3 young (3072K), 3 survivors (3072K)
 Metaspace       used 152107K, capacity 157135K, committed 157516K, reserved 1187840K
  class space    used 17849K, capacity 19583K, committed 19840K, reserved 1048576K
}
Event: 19360.013 GC heap before
{Heap before GC invocations=312 (full 0):
 garbage-first heap   total 260096K, used 196632K [0x0000000080000000, 0x0000000100000000)
  region size 1024K, 58 young (59392K), 3 survivors (3072K)
 Metaspace       used 152974K, capacity 158077K, committed 158284K, reserved 1187840K
  class space    used 17922K, capacity 19660K, committed 19840K, reserved 1048576K
}
Event: 19360.020 GC heap after
{Heap after GC invocations=313 (full 0):
 garbage-first heap   total 260096K, used 141677K [0x0000000080000000, 0x0000000100000000)
  region size 1024K, 3 young (3072K), 3 survivors (3072K)
 Metaspace       used 152974K, capacity 158077K, committed 158284K, reserved 1187840K
  class space    used 17922K, capacity 19660K, committed 19840K, reserved 1048576K
}
Event: 19360.078 GC heap before
{Heap before GC invocations=313 (full 0):
 garbage-first heap   total 260096K, used 149869K [0x0000000080000000, 0x0000000100000000)
  region size 1024K, 12 young (12288K), 3 survivors (3072K)
 Metaspace       used 153182K, capacity 158254K, committed 158540K, reserved 1187840K
  class space    used 17952K, capacity 19697K, committed 19840K, reserved 1048576K
}
Event: 19360.093 GC heap after
{Heap after GC invocations=314 (full 0):
 garbage-first heap   total 260096K, used 122505K [0x0000000080000000, 0x0000000100000000)
  region size 1024K, 2 young (2048K), 2 survivors (2048K)
 Metaspace       used 153182K, capacity 158254K, committed 158540K, reserved 1187840K
  class space    used 17952K, capacity 19697K, committed 19840K, reserved 1048576K
}
Event: 19360.190 GC heap before
{Heap before GC invocations=314 (full 0):
 garbage-first heap   total 260096K, used 131721K [0x0000000080000000, 0x0000000100000000)
  region size 1024K, 12 young (12288K), 2 survivors (2048K)
 Metaspace       used 153274K, capacity 158326K, committed 158540K, reserved 1187840K
  class space    used 17964K, capacity 19700K, committed 19840K, reserved 1048576K
}
Event: 19360.201 GC heap after
{Heap after GC invocations=315 (full 0):
 garbage-first heap   total 260096K, used 123327K [0x0000000080000000, 0x0000000100000000)
  region size 1024K, 2 young (2048K), 2 survivors (2048K)
 Metaspace       used 153274K, capacity 158326K, committed 158540K, reserved 1187840K
  class space    used 17964K, capacity 19700K, committed 19840K, reserved 1048576K
}
Event: 19361.001 GC heap before
{Heap before GC invocations=315 (full 0):
 garbage-first heap   total 260096K, used 204223K [0x0000000080000000, 0x0000000100000000)
  region size 1024K, 82 young (83968K), 2 survivors (2048K)
 Metaspace       used 153601K, capacity 158698K, committed 159052K, reserved 1187840K
  class space    used 17985K, capacity 19738K, committed 19840K, reserved 1048576K
}
Event: 19361.023 GC heap after
{Heap after GC invocations=316 (full 0):
 garbage-first heap   total 260096K, used 137963K [0x0000000080000000, 0x0000000100000000)
  region size 1024K, 11 young (11264K), 11 survivors (11264K)
 Metaspace       used 153601K, capacity 158698K, committed 159052K, reserved 1187840K
  class space    used 17985K, capacity 19738K, committed 19840K, reserved 1048576K
}
Event: 19361.388 GC heap before
{Heap before GC invocations=317 (full 0):
 garbage-first heap   total 260096K, used 205547K [0x0000000080000000, 0x0000000100000000)
  region size 1024K, 78 young (79872K), 11 survivors (11264K)
 Metaspace       used 153752K, capacity 158848K, committed 159052K, reserved 1187840K
  class space    used 18004K, capacity 19744K, committed 19840K, reserved 1048576K
}
Event: 19361.407 GC heap after
{Heap after GC invocations=318 (full 0):
 garbage-first heap   total 260096K, used 148041K [0x0000000080000000, 0x0000000100000000)
  region size 1024K, 10 young (10240K), 10 survivors (10240K)
 Metaspace       used 153752K, capacity 158848K, committed 159052K, reserved 1187840K
  class space    used 18004K, capacity 19744K, committed 19840K, reserved 1048576K
}
Event: 19361.411 GC heap before
{Heap before GC invocations=318 (full 0):
 garbage-first heap   total 260096K, used 150089K [0x0000000080000000, 0x0000000100000000)
  region size 1024K, 12 young (12288K), 10 survivors (10240K)
 Metaspace       used 153755K, capacity 158848K, committed 159052K, reserved 1187840K
  class space    used 18004K, capacity 19744K, committed 19840K, reserved 1048576K
}

Deoptimization events (20 events):
Event: 19361.382 Thread 0x0000022200bfd800 Uncommon trap: trap_request=0xffffffc6 fr.pc=0x0000022262ac7050 relative=0x0000000000001430
Event: 19361.382 Thread 0x0000022200bfd800 Uncommon trap: reason=bimorphic_or_optimized_type_check action=maybe_recompile pc=0x0000022262ac7050 method=com.android.tools.r8.utils.F0.a(Ljava/util/Collection;Ljava/util/function/Function;)Ljava/util/List; @ 7 c2
Event: 19361.382 Thread 0x0000022200bfd800 DEOPT PACKING pc=0x0000022262ac7050 sp=0x000000b4133fb760
Event: 19361.382 Thread 0x0000022200bfd800 DEOPT UNPACKING pc=0x00000222598474af sp=0x000000b4133fb710 mode 2
Event: 19361.382 Thread 0x0000022200bfd800 Uncommon trap: trap_request=0xffffffc6 fr.pc=0x0000022262ac7050 relative=0x0000000000001430
Event: 19361.382 Thread 0x0000022200bfd800 Uncommon trap: reason=bimorphic_or_optimized_type_check action=maybe_recompile pc=0x0000022262ac7050 method=com.android.tools.r8.utils.F0.a(Ljava/util/Collection;Ljava/util/function/Function;)Ljava/util/List; @ 7 c2
Event: 19361.382 Thread 0x0000022200bfd800 DEOPT PACKING pc=0x0000022262ac7050 sp=0x000000b4133fb760
Event: 19361.382 Thread 0x0000022200bfd800 DEOPT UNPACKING pc=0x00000222598474af sp=0x000000b4133fb710 mode 2
Event: 19361.382 Thread 0x0000022200bfd800 Uncommon trap: trap_request=0xffffffc6 fr.pc=0x0000022262ac7050 relative=0x0000000000001430
Event: 19361.382 Thread 0x0000022200bfd800 Uncommon trap: reason=bimorphic_or_optimized_type_check action=maybe_recompile pc=0x0000022262ac7050 method=com.android.tools.r8.utils.F0.a(Ljava/util/Collection;Ljava/util/function/Function;)Ljava/util/List; @ 7 c2
Event: 19361.382 Thread 0x0000022200bfd800 DEOPT PACKING pc=0x0000022262ac7050 sp=0x000000b4133fb760
Event: 19361.382 Thread 0x0000022200bfd800 DEOPT UNPACKING pc=0x00000222598474af sp=0x000000b4133fb710 mode 2
Event: 19361.382 Thread 0x0000022200bfd800 Uncommon trap: trap_request=0xffffffc6 fr.pc=0x0000022262ac7050 relative=0x0000000000001430
Event: 19361.382 Thread 0x0000022200bfd800 Uncommon trap: reason=bimorphic_or_optimized_type_check action=maybe_recompile pc=0x0000022262ac7050 method=com.android.tools.r8.utils.F0.a(Ljava/util/Collection;Ljava/util/function/Function;)Ljava/util/List; @ 7 c2
Event: 19361.382 Thread 0x0000022200bfd800 DEOPT PACKING pc=0x0000022262ac7050 sp=0x000000b4133fb760
Event: 19361.382 Thread 0x0000022200bfd800 DEOPT UNPACKING pc=0x00000222598474af sp=0x000000b4133fb710 mode 2
Event: 19361.386 Thread 0x0000022200bfd800 Uncommon trap: trap_request=0xffffffde fr.pc=0x0000022262ee30e4 relative=0x0000000000005b44
Event: 19361.386 Thread 0x0000022200bfd800 Uncommon trap: reason=class_check action=maybe_recompile pc=0x0000022262ee30e4 method=com.android.tools.r8.ir.conversion.L.a()Lcom/android/tools/r8/graph/O; @ 1190 c2
Event: 19361.386 Thread 0x0000022200bfd800 DEOPT PACKING pc=0x0000022262ee30e4 sp=0x000000b4133fbcc0
Event: 19361.387 Thread 0x0000022200bfd800 DEOPT UNPACKING pc=0x00000222598474af sp=0x000000b4133fbcb8 mode 2

Classes redefined (0 events):
No events

Internal exceptions (20 events):
Event: 19359.838 Thread 0x0000022274981800 Exception <a 'sun/nio/fs/WindowsException'{0x000000008dabdfc8}> (0x000000008dabdfc8) thrown at [./src/hotspot/share/prims/jni.cpp, line 615]
Event: 19359.838 Thread 0x0000022274981800 Exception <a 'sun/nio/fs/WindowsException'{0x000000008dabec20}> (0x000000008dabec20) thrown at [./src/hotspot/share/prims/jni.cpp, line 615]
Event: 19359.855 Thread 0x0000022274981800 Implicit null exception at 0x00000222613422a9 to 0x0000022261342390
Event: 19359.857 Thread 0x0000022274981800 Implicit null exception at 0x000002226230d614 to 0x000002226230e30c
Event: 19359.885 Thread 0x0000022273bbf800 Exception <a 'sun/nio/fs/WindowsException'{0x000000008d56de88}> (0x000000008d56de88) thrown at [./src/hotspot/share/prims/jni.cpp, line 615]
Event: 19359.885 Thread 0x0000022273bc6000 Exception <a 'sun/nio/fs/WindowsException'{0x000000008d588db0}> (0x000000008d588db0) thrown at [./src/hotspot/share/prims/jni.cpp, line 615]
Event: 19359.885 Thread 0x0000022200bfc800 Exception <a 'sun/nio/fs/WindowsException'{0x000000008d519448}> (0x000000008d519448) thrown at [./src/hotspot/share/prims/jni.cpp, line 615]
Event: 19359.885 Thread 0x0000022200bf8000 Exception <a 'sun/nio/fs/WindowsException'{0x000000008d59c768}> (0x000000008d59c768) thrown at [./src/hotspot/share/prims/jni.cpp, line 615]
Event: 19359.933 Thread 0x0000022200bf8000 Exception <a 'sun/nio/fs/WindowsException'{0x000000008d3fc5a0}> (0x000000008d3fc5a0) thrown at [./src/hotspot/share/prims/jni.cpp, line 615]
Event: 19359.945 Thread 0x0000022200bfc800 Exception <a 'sun/nio/fs/WindowsException'{0x000000008d2ffb28}> (0x000000008d2ffb28) thrown at [./src/hotspot/share/prims/jni.cpp, line 615]
Event: 19359.996 Thread 0x0000022200bf8000 Exception <a 'sun/nio/fs/WindowsException'{0x000000008ca74a60}> (0x000000008ca74a60) thrown at [./src/hotspot/share/prims/jni.cpp, line 615]
Event: 19360.011 Thread 0x0000022274984000 Exception <a 'sun/nio/fs/WindowsException'{0x000000008c7a1b60}> (0x000000008c7a1b60) thrown at [./src/hotspot/share/prims/jni.cpp, line 615]
Event: 19360.076 Thread 0x0000022200bfd800 Exception <a 'sun/nio/fs/WindowsException'{0x000000008f5d16f0}> (0x000000008f5d16f0) thrown at [./src/hotspot/share/prims/jni.cpp, line 615]
Event: 19360.150 Thread 0x0000022200bfd800 Exception <a 'sun/nio/fs/WindowsException'{0x000000008f8bd298}> (0x000000008f8bd298) thrown at [./src/hotspot/share/prims/jni.cpp, line 615]
Event: 19360.951 Thread 0x0000022273bc5800 Exception <a 'sun/nio/fs/WindowsException'{0x000000008c68e168}> (0x000000008c68e168) thrown at [./src/hotspot/share/prims/jni.cpp, line 615]
Event: 19360.976 Thread 0x0000022273bc6000 Exception <a 'sun/nio/fs/WindowsException'{0x000000008b682698}> (0x000000008b682698) thrown at [./src/hotspot/share/prims/jni.cpp, line 615]
Event: 19361.024 Thread 0x0000022273bbf800 Exception <a 'sun/nio/fs/WindowsException'{0x000000008fd86910}> (0x000000008fd86910) thrown at [./src/hotspot/share/prims/jni.cpp, line 615]
Event: 19361.027 Thread 0x0000022200bfd800 Exception <a 'sun/nio/fs/WindowsException'{0x000000008fcb5910}> (0x000000008fcb5910) thrown at [./src/hotspot/share/prims/jni.cpp, line 615]
Event: 19361.236 Thread 0x0000022273bbf800 Implicit null exception at 0x0000022261ae1c10 to 0x0000022261ae1d1c
Event: 19361.334 Thread 0x0000022200bfc000 Exception <a 'sun/nio/fs/WindowsException'{0x000000008d1b7500}> (0x000000008d1b7500) thrown at [./src/hotspot/share/prims/jni.cpp, line 615]

Events (20 events):
Event: 19361.204 Executing VM operation: ICBufferFull done
Event: 19361.206 Executing VM operation: CGC_Operation
Event: 19361.228 Executing VM operation: CGC_Operation done
Event: 19361.229 loading class com/android/tools/r8/r/o/K
Event: 19361.229 loading class com/android/tools/r8/r/o/K done
Event: 19361.230 loading class com/android/tools/r8/v/b/L0$a
Event: 19361.230 loading class com/android/tools/r8/v/b/L0$a done
Event: 19361.238 loading class com/android/tools/r8/ir/regalloc/f
Event: 19361.238 loading class com/android/tools/r8/ir/regalloc/f done
Event: 19361.260 Executing VM operation: ICBufferFull
Event: 19361.261 Executing VM operation: ICBufferFull done
Event: 19361.326 Executing VM operation: CGC_Operation
Event: 19361.327 Executing VM operation: CGC_Operation done
Event: 19361.371 loading class com/android/tools/r8/s/a/a/b/M
Event: 19361.371 loading class com/android/tools/r8/s/a/a/b/M done
Event: 19361.387 Executing VM operation: G1CollectForAllocation
Event: 19361.407 Executing VM operation: G1CollectForAllocation done
Event: 19361.407 loading class com/android/tools/r8/s/a/a/b/j
Event: 19361.407 loading class com/android/tools/r8/s/a/a/b/j done
Event: 19361.411 Executing VM operation: G1CollectForAllocation


Dynamic libraries:
0x00007ff6c9220000 - 0x00007ff6c922a000 	C:\Program Files\Android\Android Studio\jre\bin\java.exe
0x00007ff832840000 - 0x00007ff832a30000 	C:\Windows\SYSTEM32\ntdll.dll
0x00007ff831c30000 - 0x00007ff831ce2000 	C:\Windows\System32\KERNEL32.DLL
0x00007ff82f840000 - 0x00007ff82fae5000 	C:\Windows\System32\KERNELBASE.dll
0x00007ff82faf0000 - 0x00007ff82fbea000 	C:\Windows\System32\ucrtbase.dll
0x00007fffed780000 - 0x00007fffed799000 	C:\Program Files\Android\Android Studio\jre\bin\jli.dll
0x00007fffee060000 - 0x00007fffee077000 	C:\Program Files\Android\Android Studio\jre\bin\VCRUNTIME140.dll
0x00007ff832520000 - 0x00007ff8326b4000 	C:\Windows\System32\USER32.dll
0x00007ff8306d0000 - 0x00007ff8306f1000 	C:\Windows\System32\win32u.dll
0x00007ff817e80000 - 0x00007ff818104000 	C:\Windows\WinSxS\amd64_microsoft.windows.common-controls_6595b64144ccf1df_6.0.18362.1440_none_9e7dbfb9e45e8e67\COMCTL32.dll
0x00007ff830ac0000 - 0x00007ff830ae6000 	C:\Windows\System32\GDI32.dll
0x00007ff82fbf0000 - 0x00007ff82fd88000 	C:\Windows\System32\gdi32full.dll
0x00007ff830a20000 - 0x00007ff830abe000 	C:\Windows\System32\msvcrt.dll
0x00007ff82fd90000 - 0x00007ff82fe2e000 	C:\Windows\System32\msvcp_win.dll
0x00007ff831cf0000 - 0x00007ff832026000 	C:\Windows\System32\combase.dll
0x00007ff8314e0000 - 0x00007ff8315ff000 	C:\Windows\System32\RPCRT4.dll
0x00007ff82f7b0000 - 0x00007ff82f831000 	C:\Windows\System32\bcryptPrimitives.dll
0x00007ff830c20000 - 0x00007ff830c4e000 	C:\Windows\System32\IMM32.DLL
0x00007fffe9b80000 - 0x00007fffe9c1d000 	C:\Program Files\Android\Android Studio\jre\bin\msvcp140.dll
0x00007fffe7420000 - 0x00007fffe7edc000 	C:\Program Files\Android\Android Studio\jre\bin\server\jvm.dll
0x00007ff831600000 - 0x00007ff8316a3000 	C:\Windows\System32\ADVAPI32.dll
0x00007ff830af0000 - 0x00007ff830b87000 	C:\Windows\System32\sechost.dll
0x00007ff832030000 - 0x00007ff832038000 	C:\Windows\System32\PSAPI.DLL
0x00007ff82ba90000 - 0x00007ff82bab4000 	C:\Windows\SYSTEM32\WINMM.dll
0x00007ff814120000 - 0x00007ff814129000 	C:\Windows\SYSTEM32\WSOCK32.dll
0x00007ff82a560000 - 0x00007ff82a56a000 	C:\Windows\SYSTEM32\VERSION.dll
0x00007ff830bb0000 - 0x00007ff830c1f000 	C:\Windows\System32\WS2_32.dll
0x00007ff82ba60000 - 0x00007ff82ba8d000 	C:\Windows\SYSTEM32\WINMMBASE.dll
0x00007ff830660000 - 0x00007ff8306aa000 	C:\Windows\System32\cfgmgr32.dll
0x00007ff82f790000 - 0x00007ff82f7a1000 	C:\Windows\System32\kernel.appcore.dll
0x00007ff821660000 - 0x00007ff821671000 	C:\Program Files\Android\Android Studio\jre\bin\verify.dll
0x00007ff82dfe0000 - 0x00007ff82e1d4000 	C:\Windows\SYSTEM32\DBGHELP.DLL
0x00007ff810180000 - 0x00007ff8101aa000 	C:\Windows\SYSTEM32\dbgcore.DLL
0x00007ff81c690000 - 0x00007ff81c6b9000 	C:\Program Files\Android\Android Studio\jre\bin\java.dll
0x00007ff821650000 - 0x00007ff82165b000 	C:\Program Files\Android\Android Studio\jre\bin\jimage.dll
0x00007ff821310000 - 0x00007ff821328000 	C:\Program Files\Android\Android Studio\jre\bin\zip.dll
0x00007ff830d20000 - 0x00007ff831408000 	C:\Windows\System32\SHELL32.dll
0x00007ff8308f0000 - 0x00007ff830997000 	C:\Windows\System32\shcore.dll
0x00007ff82fee0000 - 0x00007ff83065b000 	C:\Windows\System32\windows.storage.dll
0x00007ff82f770000 - 0x00007ff82f78e000 	C:\Windows\System32\profapi.dll
0x00007ff82f700000 - 0x00007ff82f74a000 	C:\Windows\System32\powrprof.dll
0x00007ff82f6f0000 - 0x00007ff82f700000 	C:\Windows\System32\UMPDC.dll
0x00007ff832740000 - 0x00007ff832792000 	C:\Windows\System32\shlwapi.dll
0x00007ff8306b0000 - 0x00007ff8306c7000 	C:\Windows\System32\cryptsp.dll
0x00007ff818200000 - 0x00007ff81821a000 	C:\Program Files\Android\Android Studio\jre\bin\net.dll
0x00007ff81cd00000 - 0x00007ff81cdfa000 	C:\Windows\SYSTEM32\WINHTTP.dll
0x00007ff82eed0000 - 0x00007ff82ef37000 	C:\Windows\system32\mswsock.dll
0x00007ff818190000 - 0x00007ff8181a4000 	C:\Program Files\Android\Android Studio\jre\bin\nio.dll
0x00007fffedc30000 - 0x00007fffedc57000 	C:\Users\admi\.gradle\native\fdc75f09e3144964f2cf3f50f0aa648679c211496f362492102eb8c894070792\windows-amd64\native-platform.dll
0x00007fffe66e0000 - 0x00007fffe6876000 	C:\Users\admi\.gradle\native\12488b8bf47d2d4c9fbf2f6322a914ad602e24e48041cd04a747c6da556b65c4\windows-amd64\native-platform-file-events.dll
0x00007ff81bdf0000 - 0x00007ff81bdfa000 	C:\Program Files\Android\Android Studio\jre\bin\management.dll
0x00007ff81ab20000 - 0x00007ff81ab2c000 	C:\Program Files\Android\Android Studio\jre\bin\management_ext.dll
0x00007ff82ea50000 - 0x00007ff82ea83000 	C:\Windows\system32\rsaenh.dll
0x00007ff8308c0000 - 0x00007ff8308e6000 	C:\Windows\System32\bcrypt.dll
0x00007ff82f610000 - 0x00007ff82f635000 	C:\Windows\SYSTEM32\USERENV.dll
0x00007ff82f0a0000 - 0x00007ff82f0ac000 	C:\Windows\SYSTEM32\CRYPTBASE.dll
0x00007ff82ebe0000 - 0x00007ff82ec1a000 	C:\Windows\SYSTEM32\IPHLPAPI.DLL
0x00007ff831410000 - 0x00007ff831418000 	C:\Windows\System32\NSI.dll
0x00007ff827f90000 - 0x00007ff827fa6000 	C:\Windows\SYSTEM32\dhcpcsvc6.DLL
0x00007ff829000000 - 0x00007ff82901c000 	C:\Windows\SYSTEM32\dhcpcsvc.DLL
0x00007ff82ec20000 - 0x00007ff82eceb000 	C:\Windows\SYSTEM32\DNSAPI.dll
0x00007ff829300000 - 0x00007ff82930b000 	C:\Windows\SYSTEM32\WINNSI.DLL
0x00007ff805b60000 - 0x00007ff805b87000 	C:\Program Files\Android\Android Studio\jre\bin\sunec.dll
0x00007ff814fb0000 - 0x00007ff814fba000 	C:\Windows\System32\rasadhlp.dll
0x00007ff828200000 - 0x00007ff828277000 	C:\Windows\System32\fwpuclnt.dll
0x00007ff82e730000 - 0x00007ff82e761000 	C:\Windows\SYSTEM32\ntmarta.dll

dbghelp: loaded successfully - version: 4.0.5 - missing functions: none
symbol engine: initialized successfully - sym options: 0x614 - pdb path: .;C:\Program Files\Android\Android Studio\jre\bin;C:\Windows\SYSTEM32;C:\Windows\WinSxS\amd64_microsoft.windows.common-controls_6595b64144ccf1df_6.0.18362.1440_none_9e7dbfb9e45e8e67;C:\Program Files\Android\Android Studio\jre\bin\server;C:\Users\admi\.gradle\native\fdc75f09e3144964f2cf3f50f0aa648679c211496f362492102eb8c894070792\windows-amd64;C:\Users\admi\.gradle\native\12488b8bf47d2d4c9fbf2f6322a914ad602e24e48041cd04a747c6da556b65c4\windows-amd64

VM Arguments:
jvm_args: --add-opens=java.base/java.util=ALL-UNNAMED --add-opens=java.base/java.lang=ALL-UNNAMED --add-opens=java.base/java.lang.invoke=ALL-UNNAMED --add-opens=java.prefs/java.util.prefs=ALL-UNNAMED -Xmx2048m -Dfile.encoding=UTF-8 -Duser.country=US -Duser.language=en -Duser.variant 
java_command: org.gradle.launcher.daemon.bootstrap.GradleDaemon 6.7.1
java_class_path (initial): C:\Users\admi\.gradle\wrapper\dists\gradle-6.7.1-bin\bwlcbys1h7rz3272sye1xwiv6\gradle-6.7.1\lib\gradle-launcher-6.7.1.jar
Launcher Type: SUN_STANDARD

[Global flags]
     intx CICompilerCount                          = 4                                         {product} {ergonomic}
     uint ConcGCThreads                            = 2                                         {product} {ergonomic}
     uint G1ConcRefinementThreads                  = 8                                         {product} {ergonomic}
   size_t G1HeapRegionSize                         = 1048576                                   {product} {ergonomic}
    uintx GCDrainStackTargetSize                   = 64                                        {product} {ergonomic}
   size_t InitialHeapSize                          = 266338304                                 {product} {ergonomic}
   size_t MarkStackSize                            = 4194304                                   {product} {ergonomic}
   size_t MaxHeapSize                              = 2147483648                                {product} {command line}
   size_t MaxNewSize                               = 1287651328                                {product} {ergonomic}
   size_t MinHeapDeltaBytes                        = 1048576                                   {product} {ergonomic}
    uintx NonNMethodCodeHeapSize                   = 5836300                                {pd product} {ergonomic}
    uintx NonProfiledCodeHeapSize                  = 122910970                              {pd product} {ergonomic}
    uintx ProfiledCodeHeapSize                     = 122910970                              {pd product} {ergonomic}
    uintx ReservedCodeCacheSize                    = 251658240                              {pd product} {ergonomic}
     bool SegmentedCodeCache                       = true                                      {product} {ergonomic}
     bool UseCompressedClassPointers               = true                                 {lp64_product} {ergonomic}
     bool UseCompressedOops                        = true                                 {lp64_product} {ergonomic}
     bool UseG1GC                                  = true                                      {product} {ergonomic}
     bool UseLargePagesIndividualAllocation        = false                                  {pd product} {ergonomic}

Logging:
Log output configuration:
 #0: stdout all=warning uptime,level,tags
 #1: stderr all=off uptime,level,tags

Environment Variables:
PATH=C:\Windows\system32;C:\Windows;C:\Windows\System32\Wbem;C:\Windows\System32\WindowsPowerShell\v1.0\;C:\Windows\System32\OpenSSH\;C:\Program Files (x86)\Windows Kits\8.1\Windows Performance Toolkit\;C:\Program Files\Microsoft SQL Server\110\Tools\Binn\;C:\Program Files (x86)\Microsoft SQL Server\110\Tools\Binn\;C:\Program Files\Microsoft SQL Server\110\DTS\Binn\;C:\Program Files (x86)\Microsoft SQL Server\110\Tools\Binn\ManagementStudio\;C:\Program Files (x86)\Microsoft SQL Server\110\DTS\Binn\;D:\R.Rose\Rational Rose\common;C:\Users\admi\AppData\Local\Microsoft\WindowsApps;D:\Visual Studio Code\Microsoft VS Code\bin;C:\Users\admi\AppData\Local\GitHubDesktop\bin
USERNAME=admi
OS=Windows_NT
PROCESSOR_IDENTIFIER=Intel64 Family 6 Model 142 Stepping 11, GenuineIntel



---------------  S Y S T E M  ---------------

OS: Windows 10 , 64 bit Build 18362 (10.0.18362.1350)
OS uptime: 8 days 17:14 hours

CPU:total 8 (initial active 8) (4 cores per cpu, 2 threads per core) family 6 model 142 stepping 11, cmov, cx8, fxsr, mmx, sse, sse2, sse3, ssse3, sse4.1, sse4.2, popcnt, avx, avx2, aes, clmul, erms, 3dnowpref, lzcnt, ht, tsc, tscinvbit, bmi1, bmi2, adx, fma

Memory: 4k page, system-wide physical 16239M (5542M free)
TotalPageFile size 24930M (AvailPageFile size 76M)
current process WorkingSet (physical memory assigned to process): 659M, peak: 662M
current process commit charge ("private bytes"): 785M, peak: 889M

vm_info: OpenJDK 64-Bit Server VM (11.0.8+10-b944.6842174) for windows-amd64 JRE (11.0.8+10-b944.6842174), built on Sep 19 2020 01:11:42 by "builder" with MS VC++ 14.0 (VS2015)

END.
